<?xml version="1.0" encoding="UTF-8"?>
<coverage generated="1774551883931" clover="3.2.0">
  <project timestamp="1774551883931" name="All files">
    <metrics statements="283" coveredstatements="234" conditionals="212" coveredconditionals="118" methods="52" coveredmethods="35" elements="547" coveredelements="387" complexity="0" loc="283" ncloc="283" packages="1" files="3" classes="3"/>
    <file name="chaside.ts" path="D:\semestre-1-25\cvp-test-vocacional\test-vocacional\src\utils\chaside.ts">
      <metrics statements="110" coveredstatements="94" conditionals="69" coveredconditionals="38" methods="21" coveredmethods="17"/>
      <line num="8" count="1" type="stmt"/>
      <line num="18" count="1" type="stmt"/>
      <line num="29" count="21" type="cond" truecount="2" falsecount="0"/>
      <line num="30" count="18" type="stmt"/>
      <line num="31" count="18" type="cond" truecount="2" falsecount="0"/>
      <line num="56" count="2" type="stmt"/>
      <line num="62" count="2" type="cond" truecount="3" falsecount="1"/>
      <line num="63" count="0" type="stmt"/>
      <line num="65" count="2" type="stmt"/>
      <line num="69" count="2" type="stmt"/>
      <line num="71" count="2" type="stmt"/>
      <line num="76" count="2" type="cond" truecount="3" falsecount="0"/>
      <line num="77" count="2" type="stmt"/>
      <line num="82" count="2" type="cond" truecount="3" falsecount="0"/>
      <line num="84" count="2" type="stmt"/>
      <line num="90" count="2" type="cond" truecount="1" falsecount="1"/>
      <line num="92" count="2" type="stmt"/>
      <line num="93" count="2" type="stmt"/>
      <line num="95" count="2" type="cond" truecount="1" falsecount="1"/>
      <line num="96" count="0" type="stmt"/>
      <line num="97" count="0" type="stmt"/>
      <line num="98" count="0" type="cond" truecount="0" falsecount="2"/>
      <line num="99" count="0" type="cond" truecount="0" falsecount="4"/>
      <line num="100" count="0" type="stmt"/>
      <line num="101" count="0" type="stmt"/>
      <line num="104" count="2" type="stmt"/>
      <line num="112" count="2" type="cond" truecount="1" falsecount="1"/>
      <line num="114" count="2" type="cond" truecount="1" falsecount="1"/>
      <line num="115" count="0" type="cond" truecount="0" falsecount="2"/>
      <line num="116" count="0" type="cond" truecount="0" falsecount="2"/>
      <line num="117" count="0" type="stmt"/>
      <line num="120" count="2" type="stmt"/>
      <line num="121" count="0" type="cond" truecount="1" falsecount="1"/>
      <line num="124" count="2" type="stmt"/>
      <line num="125" count="2" type="cond" truecount="1" falsecount="1"/>
      <line num="126" count="0" type="stmt"/>
      <line num="131" count="0" type="cond" truecount="0" falsecount="2"/>
      <line num="132" count="0" type="cond" truecount="0" falsecount="4"/>
      <line num="135" count="2" type="stmt"/>
      <line num="142" count="2" type="stmt"/>
      <line num="161" count="5" type="stmt"/>
      <line num="162" count="15" type="stmt"/>
      <line num="164" count="5" type="stmt"/>
      <line num="169" count="5" type="stmt"/>
      <line num="170" count="5" type="stmt"/>
      <line num="172" count="5" type="stmt"/>
      <line num="173" count="9" type="stmt"/>
      <line num="174" count="9" type="stmt"/>
      <line num="175" count="9" type="cond" truecount="3" falsecount="1"/>
      <line num="177" count="9" type="stmt"/>
      <line num="179" count="9" type="cond" truecount="1" falsecount="1"/>
      <line num="180" count="9" type="cond" truecount="2" falsecount="0"/>
      <line num="181" count="3" type="stmt"/>
      <line num="182" count="3" type="stmt"/>
      <line num="186" count="35" type="stmt"/>
      <line num="187" count="35" type="stmt"/>
      <line num="189" count="5" type="stmt"/>
      <line num="190" count="5" type="stmt"/>
      <line num="191" count="35" type="stmt"/>
      <line num="194" count="5" type="stmt"/>
      <line num="195" count="15" type="stmt"/>
      <line num="196" count="105" type="stmt"/>
      <line num="197" count="102" type="stmt"/>
      <line num="199" count="5" type="stmt"/>
      <line num="205" count="5" type="stmt"/>
      <line num="209" count="1" type="stmt"/>
      <line num="211" count="1" type="stmt"/>
      <line num="212" count="1" type="stmt"/>
      <line num="214" count="1" type="stmt"/>
      <line num="215" count="1" type="stmt"/>
      <line num="216" count="1" type="stmt"/>
      <line num="218" count="1" type="stmt"/>
      <line num="219" count="1" type="stmt"/>
      <line num="220" count="1" type="cond" truecount="1" falsecount="1"/>
      <line num="221" count="0" type="cond" truecount="0" falsecount="2"/>
      <line num="222" count="0" type="stmt"/>
      <line num="224" count="1" type="cond" truecount="2" falsecount="0"/>
      <line num="227" count="1" type="stmt"/>
      <line num="228" count="1" type="cond" truecount="1" falsecount="1"/>
      <line num="229" count="1" type="stmt"/>
      <line num="230" count="1" type="stmt"/>
      <line num="231" count="1" type="stmt"/>
      <line num="232" count="1" type="stmt"/>
      <line num="233" count="1" type="stmt"/>
      <line num="234" count="1" type="stmt"/>
      <line num="235" count="1" type="stmt"/>
      <line num="237" count="1" type="stmt"/>
      <line num="238" count="7" type="stmt"/>
      <line num="239" count="7" type="stmt"/>
      <line num="240" count="7" type="stmt"/>
      <line num="242" count="1" type="stmt"/>
      <line num="252" count="1" type="stmt"/>
      <line num="254" count="1" type="stmt"/>
      <line num="255" count="1" type="stmt"/>
      <line num="257" count="1" type="cond" truecount="1" falsecount="0"/>
      <line num="258" count="3" type="stmt"/>
      <line num="260" count="9" type="stmt"/>
      <line num="263" count="1" type="stmt"/>
      <line num="264" count="1" type="stmt"/>
      <line num="265" count="1" type="stmt"/>
      <line num="266" count="1" type="stmt"/>
      <line num="268" count="1" type="stmt"/>
      <line num="269" count="1" type="stmt"/>
      <line num="272" count="1" type="cond" truecount="3" falsecount="1"/>
      <line num="276" count="1" type="stmt"/>
      <line num="277" count="1" type="stmt"/>
      <line num="278" count="1" type="stmt"/>
      <line num="279" count="1" type="stmt"/>
      <line num="281" count="1" type="cond" truecount="2" falsecount="0"/>
      <line num="282" count="1" type="stmt"/>
    </file>
    <file name="dat.ts" path="D:\semestre-1-25\cvp-test-vocacional\test-vocacional\src\utils\dat.ts">
      <metrics statements="97" coveredstatements="76" conditionals="81" coveredconditionals="45" methods="16" coveredmethods="8"/>
      <line num="13" count="1" type="stmt"/>
      <line num="32" count="3" type="stmt"/>
      <line num="38" count="3" type="cond" truecount="3" falsecount="1"/>
      <line num="39" count="0" type="stmt"/>
      <line num="41" count="3" type="stmt"/>
      <line num="45" count="2" type="stmt"/>
      <line num="47" count="2" type="stmt"/>
      <line num="52" count="2" type="cond" truecount="3" falsecount="0"/>
      <line num="53" count="2" type="stmt"/>
      <line num="58" count="2" type="cond" truecount="3" falsecount="0"/>
      <line num="60" count="2" type="stmt"/>
      <line num="65" count="2" type="cond" truecount="1" falsecount="1"/>
      <line num="67" count="2" type="stmt"/>
      <line num="68" count="2" type="stmt"/>
      <line num="70" count="2" type="cond" truecount="1" falsecount="1"/>
      <line num="71" count="0" type="stmt"/>
      <line num="72" count="0" type="cond" truecount="0" falsecount="2"/>
      <line num="73" count="0" type="stmt"/>
      <line num="74" count="0" type="cond" truecount="0" falsecount="2"/>
      <line num="78" count="2" type="stmt"/>
      <line num="84" count="2" type="cond" truecount="1" falsecount="1"/>
      <line num="86" count="2" type="cond" truecount="1" falsecount="1"/>
      <line num="87" count="0" type="cond" truecount="0" falsecount="2"/>
      <line num="88" count="0" type="cond" truecount="0" falsecount="2"/>
      <line num="89" count="0" type="stmt"/>
      <line num="92" count="2" type="cond" truecount="1" falsecount="1"/>
      <line num="93" count="2" type="stmt"/>
      <line num="95" count="2" type="cond" truecount="1" falsecount="1"/>
      <line num="96" count="0" type="stmt"/>
      <line num="103" count="0" type="cond" truecount="0" falsecount="4"/>
      <line num="104" count="0" type="stmt"/>
      <line num="108" count="2" type="stmt"/>
      <line num="115" count="2" type="stmt"/>
      <line num="131" count="5" type="stmt"/>
      <line num="140" count="5" type="stmt"/>
      <line num="141" count="5" type="stmt"/>
      <line num="143" count="5" type="stmt"/>
      <line num="144" count="8" type="stmt"/>
      <line num="145" count="8" type="cond" truecount="1" falsecount="1"/>
      <line num="146" count="8" type="stmt"/>
      <line num="147" count="8" type="stmt"/>
      <line num="148" count="8" type="cond" truecount="4" falsecount="0"/>
      <line num="149" count="4" type="stmt"/>
      <line num="150" count="4" type="stmt"/>
      <line num="155" count="5" type="stmt"/>
      <line num="159" count="1" type="stmt"/>
      <line num="161" count="1" type="stmt"/>
      <line num="167" count="1" type="stmt"/>
      <line num="168" count="1" type="cond" truecount="1" falsecount="1"/>
      <line num="169" count="0" type="cond" truecount="0" falsecount="2"/>
      <line num="172" count="1" type="stmt"/>
      <line num="179" count="1" type="cond" truecount="1" falsecount="1"/>
      <line num="180" count="0" type="cond" truecount="0" falsecount="2"/>
      <line num="181" count="0" type="cond" truecount="0" falsecount="2"/>
      <line num="182" count="0" type="stmt"/>
      <line num="185" count="1" type="stmt"/>
      <line num="186" count="1" type="stmt"/>
      <line num="187" count="0" type="stmt"/>
      <line num="188" count="0" type="cond" truecount="0" falsecount="2"/>
      <line num="191" count="1" type="stmt"/>
      <line num="195" count="1" type="stmt"/>
      <line num="197" count="1" type="stmt"/>
      <line num="198" count="1" type="stmt"/>
      <line num="200" count="1" type="stmt"/>
      <line num="201" count="1" type="stmt"/>
      <line num="202" count="1" type="stmt"/>
      <line num="203" count="1" type="stmt"/>
      <line num="205" count="1" type="stmt"/>
      <line num="206" count="1" type="stmt"/>
      <line num="207" count="1" type="stmt"/>
      <line num="208" count="1" type="cond" truecount="1" falsecount="1"/>
      <line num="209" count="0" type="cond" truecount="0" falsecount="2"/>
      <line num="210" count="0" type="stmt"/>
      <line num="211" count="0" type="stmt"/>
      <line num="212" count="0" type="stmt"/>
      <line num="214" count="1" type="cond" truecount="2" falsecount="0"/>
      <line num="215" count="1" type="stmt"/>
      <line num="216" count="1" type="stmt"/>
      <line num="219" count="1" type="stmt"/>
      <line num="221" count="1" type="stmt"/>
      <line num="222" count="6" type="stmt"/>
      <line num="223" count="6" type="stmt"/>
      <line num="225" count="6" type="stmt"/>
      <line num="234" count="1" type="stmt"/>
      <line num="244" count="1" type="stmt"/>
      <line num="246" count="1" type="stmt"/>
      <line num="247" count="1" type="stmt"/>
      <line num="248" count="1" type="stmt"/>
      <line num="250" count="6" type="stmt"/>
      <line num="251" count="1" type="stmt"/>
      <line num="252" count="1" type="stmt"/>
      <line num="254" count="1" type="stmt"/>
      <line num="255" count="1" type="stmt"/>
      <line num="256" count="1" type="stmt"/>
      <line num="257" count="1" type="stmt"/>
      <line num="259" count="1" type="cond" truecount="2" falsecount="0"/>
      <line num="260" count="1" type="stmt"/>
    </file>
    <file name="ippr.ts" path="D:\semestre-1-25\cvp-test-vocacional\test-vocacional\src\utils\ippr.ts">
      <metrics statements="76" coveredstatements="64" conditionals="62" coveredconditionals="35" methods="15" coveredmethods="10"/>
      <line num="9" count="1" type="stmt"/>
      <line num="28" count="15" type="cond" truecount="2" falsecount="0"/>
      <line num="29" count="13" type="stmt"/>
      <line num="30" count="13" type="cond" truecount="2" falsecount="0"/>
      <line num="31" count="12" type="cond" truecount="2" falsecount="0"/>
      <line num="32" count="10" type="cond" truecount="2" falsecount="0"/>
      <line num="33" count="5" type="cond" truecount="2" falsecount="0"/>
      <line num="34" count="1" type="stmt"/>
      <line num="49" count="2" type="stmt"/>
      <line num="55" count="2" type="cond" truecount="3" falsecount="1"/>
      <line num="56" count="0" type="stmt"/>
      <line num="58" count="2" type="stmt"/>
      <line num="62" count="2" type="stmt"/>
      <line num="64" count="2" type="stmt"/>
      <line num="69" count="2" type="cond" truecount="3" falsecount="0"/>
      <line num="70" count="2" type="stmt"/>
      <line num="75" count="2" type="cond" truecount="3" falsecount="0"/>
      <line num="77" count="2" type="stmt"/>
      <line num="82" count="2" type="cond" truecount="1" falsecount="1"/>
      <line num="84" count="2" type="stmt"/>
      <line num="85" count="2" type="cond" truecount="1" falsecount="1"/>
      <line num="86" count="0" type="stmt"/>
      <line num="87" count="0" type="cond" truecount="0" falsecount="4"/>
      <line num="90" count="2" type="stmt"/>
      <line num="97" count="2" type="cond" truecount="1" falsecount="1"/>
      <line num="99" count="2" type="cond" truecount="1" falsecount="1"/>
      <line num="100" count="0" type="cond" truecount="0" falsecount="2"/>
      <line num="101" count="0" type="cond" truecount="0" falsecount="2"/>
      <line num="102" count="0" type="stmt"/>
      <line num="105" count="2" type="stmt"/>
      <line num="106" count="0" type="cond" truecount="1" falsecount="1"/>
      <line num="109" count="2" type="stmt"/>
      <line num="110" count="2" type="cond" truecount="1" falsecount="1"/>
      <line num="111" count="0" type="stmt"/>
      <line num="116" count="0" type="cond" truecount="0" falsecount="2"/>
      <line num="117" count="0" type="cond" truecount="0" falsecount="4"/>
      <line num="120" count="2" type="stmt"/>
      <line num="126" count="2" type="stmt"/>
      <line num="143" count="5" type="stmt"/>
      <line num="147" count="5" type="stmt"/>
      <line num="149" count="5" type="stmt"/>
      <line num="150" count="8" type="stmt"/>
      <line num="151" count="8" type="cond" truecount="1" falsecount="1"/>
      <line num="153" count="8" type="cond" truecount="1" falsecount="1"/>
      <line num="154" count="8" type="stmt"/>
      <line num="155" count="8" type="stmt"/>
      <line num="156" count="8" type="stmt"/>
      <line num="159" count="75" type="stmt"/>
      <line num="161" count="5" type="stmt"/>
      <line num="162" count="75" type="stmt"/>
      <line num="163" count="92" type="stmt"/>
      <line num="165" count="5" type="stmt"/>
      <line num="169" count="1" type="stmt"/>
      <line num="171" count="1" type="stmt"/>
      <line num="172" count="1" type="stmt"/>
      <line num="174" count="1" type="stmt"/>
      <line num="175" count="1" type="stmt"/>
      <line num="176" count="1" type="stmt"/>
      <line num="178" count="1" type="stmt"/>
      <line num="179" count="1" type="stmt"/>
      <line num="180" count="1" type="cond" truecount="1" falsecount="1"/>
      <line num="181" count="0" type="cond" truecount="0" falsecount="2"/>
      <line num="182" count="0" type="stmt"/>
      <line num="184" count="1" type="cond" truecount="2" falsecount="0"/>
      <line num="187" count="15" type="stmt"/>
      <line num="193" count="1" type="stmt"/>
      <line num="204" count="1" type="stmt"/>
      <line num="206" count="1" type="stmt"/>
      <line num="207" count="1" type="stmt"/>
      <line num="208" count="1" type="stmt"/>
      <line num="210" count="1" type="stmt"/>
      <line num="211" count="1" type="stmt"/>
      <line num="212" count="5" type="stmt"/>
      <line num="213" count="5" type="stmt"/>
      <line num="216" count="1" type="cond" truecount="2" falsecount="0"/>
      <line num="217" count="1" type="stmt"/>
    </file>
  </project>
</coverage>
