{
    "D:\\semestre-1-25\\cvp-test-vocacional\\test-vocacional\\src\\utils\\chaside.ts": {
        "path": "D:\\semestre-1-25\\cvp-test-vocacional\\test-vocacional\\src\\utils\\chaside.ts",
        "statementMap": {
            "0": {
                "start": {
                    "line": 8,
                    "column": 46
                },
                "end": {
                    "line": 16,
                    "column": null
                }
            },
            "1": {
                "start": {
                    "line": 18,
                    "column": 42
                },
                "end": {
                    "line": 26,
                    "column": null
                }
            },
            "2": {
                "start": {
                    "line": 29,
                    "column": 2
                },
                "end": {
                    "line": 29,
                    "column": null
                }
            },
            "3": {
                "start": {
                    "line": 29,
                    "column": 13
                },
                "end": {
                    "line": 29,
                    "column": null
                }
            },
            "4": {
                "start": {
                    "line": 30,
                    "column": 12
                },
                "end": {
                    "line": 30,
                    "column": null
                }
            },
            "5": {
                "start": {
                    "line": 31,
                    "column": 2
                },
                "end": {
                    "line": 31,
                    "column": null
                }
            },
            "6": {
                "start": {
                    "line": 56,
                    "column": 26
                },
                "end": {
                    "line": 60,
                    "column": null
                }
            },
            "7": {
                "start": {
                    "line": 62,
                    "column": 2
                },
                "end": {
                    "line": 64,
                    "column": null
                }
            },
            "8": {
                "start": {
                    "line": 63,
                    "column": 4
                },
                "end": {
                    "line": 63,
                    "column": null
                }
            },
            "9": {
                "start": {
                    "line": 65,
                    "column": 2
                },
                "end": {
                    "line": 65,
                    "column": null
                }
            },
            "10": {
                "start": {
                    "line": 69,
                    "column": 17
                },
                "end": {
                    "line": 69,
                    "column": null
                }
            },
            "11": {
                "start": {
                    "line": 71,
                    "column": 26
                },
                "end": {
                    "line": 75,
                    "column": null
                }
            },
            "12": {
                "start": {
                    "line": 76,
                    "column": 20
                },
                "end": {
                    "line": 76,
                    "column": null
                }
            },
            "13": {
                "start": {
                    "line": 77,
                    "column": 27
                },
                "end": {
                    "line": 81,
                    "column": null
                }
            },
            "14": {
                "start": {
                    "line": 82,
                    "column": 22
                },
                "end": {
                    "line": 82,
                    "column": null
                }
            },
            "15": {
                "start": {
                    "line": 84,
                    "column": 39
                },
                "end": {
                    "line": 88,
                    "column": null
                }
            },
            "16": {
                "start": {
                    "line": 90,
                    "column": 2
                },
                "end": {
                    "line": 90,
                    "column": null
                }
            },
            "17": {
                "start": {
                    "line": 90,
                    "column": 12
                },
                "end": {
                    "line": 90,
                    "column": null
                }
            },
            "18": {
                "start": {
                    "line": 92,
                    "column": 18
                },
                "end": {
                    "line": 92,
                    "column": null
                }
            },
            "19": {
                "start": {
                    "line": 93,
                    "column": 19
                },
                "end": {
                    "line": 93,
                    "column": null
                }
            },
            "20": {
                "start": {
                    "line": 95,
                    "column": 2
                },
                "end": {
                    "line": 102,
                    "column": null
                }
            },
            "21": {
                "start": {
                    "line": 96,
                    "column": 17
                },
                "end": {
                    "line": 96,
                    "column": null
                }
            },
            "22": {
                "start": {
                    "line": 97,
                    "column": 19
                },
                "end": {
                    "line": 97,
                    "column": null
                }
            },
            "23": {
                "start": {
                    "line": 98,
                    "column": 4
                },
                "end": {
                    "line": 98,
                    "column": null
                }
            },
            "24": {
                "start": {
                    "line": 98,
                    "column": 15
                },
                "end": {
                    "line": 98,
                    "column": null
                }
            },
            "25": {
                "start": {
                    "line": 99,
                    "column": 4
                },
                "end": {
                    "line": 99,
                    "column": null
                }
            },
            "26": {
                "start": {
                    "line": 99,
                    "column": 54
                },
                "end": {
                    "line": 99,
                    "column": null
                }
            },
            "27": {
                "start": {
                    "line": 100,
                    "column": 4
                },
                "end": {
                    "line": 100,
                    "column": null
                }
            },
            "28": {
                "start": {
                    "line": 101,
                    "column": 4
                },
                "end": {
                    "line": 101,
                    "column": null
                }
            },
            "29": {
                "start": {
                    "line": 104,
                    "column": 39
                },
                "end": {
                    "line": 110,
                    "column": null
                }
            },
            "30": {
                "start": {
                    "line": 112,
                    "column": 2
                },
                "end": {
                    "line": 112,
                    "column": null
                }
            },
            "31": {
                "start": {
                    "line": 112,
                    "column": 12
                },
                "end": {
                    "line": 112,
                    "column": null
                }
            },
            "32": {
                "start": {
                    "line": 114,
                    "column": 8
                },
                "end": {
                    "line": 118,
                    "column": null
                }
            },
            "33": {
                "start": {
                    "line": 115,
                    "column": 14
                },
                "end": {
                    "line": 115,
                    "column": null
                }
            },
            "34": {
                "start": {
                    "line": 116,
                    "column": 4
                },
                "end": {
                    "line": 116,
                    "column": null
                }
            },
            "35": {
                "start": {
                    "line": 116,
                    "column": 32
                },
                "end": {
                    "line": 116,
                    "column": null
                }
            },
            "36": {
                "start": {
                    "line": 117,
                    "column": 4
                },
                "end": {
                    "line": 117,
                    "column": null
                }
            },
            "37": {
                "start": {
                    "line": 120,
                    "column": 20
                },
                "end": {
                    "line": 122,
                    "column": null
                }
            },
            "38": {
                "start": {
                    "line": 121,
                    "column": 37
                },
                "end": {
                    "line": 121,
                    "column": 47
                }
            },
            "39": {
                "start": {
                    "line": 121,
                    "column": 76
                },
                "end": {
                    "line": 121,
                    "column": 85
                }
            },
            "40": {
                "start": {
                    "line": 124,
                    "column": 17
                },
                "end": {
                    "line": 124,
                    "column": null
                }
            },
            "41": {
                "start": {
                    "line": 125,
                    "column": 2
                },
                "end": {
                    "line": 133,
                    "column": null
                }
            },
            "42": {
                "start": {
                    "line": 126,
                    "column": 43
                },
                "end": {
                    "line": 130,
                    "column": null
                }
            },
            "43": {
                "start": {
                    "line": 131,
                    "column": 4
                },
                "end": {
                    "line": 131,
                    "column": null
                }
            },
            "44": {
                "start": {
                    "line": 131,
                    "column": 14
                },
                "end": {
                    "line": 131,
                    "column": null
                }
            },
            "45": {
                "start": {
                    "line": 132,
                    "column": 4
                },
                "end": {
                    "line": 132,
                    "column": null
                }
            },
            "46": {
                "start": {
                    "line": 132,
                    "column": 50
                },
                "end": {
                    "line": 132,
                    "column": 80
                }
            },
            "47": {
                "start": {
                    "line": 135,
                    "column": 58
                },
                "end": {
                    "line": 140,
                    "column": null
                }
            },
            "48": {
                "start": {
                    "line": 142,
                    "column": 2
                },
                "end": {
                    "line": 152,
                    "column": null
                }
            },
            "49": {
                "start": {
                    "line": 161,
                    "column": 25
                },
                "end": {
                    "line": 162,
                    "column": null
                }
            },
            "50": {
                "start": {
                    "line": 162,
                    "column": 5
                },
                "end": {
                    "line": 162,
                    "column": null
                }
            },
            "51": {
                "start": {
                    "line": 164,
                    "column": 28
                },
                "end": {
                    "line": 167,
                    "column": null
                }
            },
            "52": {
                "start": {
                    "line": 169,
                    "column": 17
                },
                "end": {
                    "line": 169,
                    "column": null
                }
            },
            "53": {
                "start": {
                    "line": 170,
                    "column": 17
                },
                "end": {
                    "line": 170,
                    "column": null
                }
            },
            "54": {
                "start": {
                    "line": 172,
                    "column": 2
                },
                "end": {
                    "line": 184,
                    "column": null
                }
            },
            "55": {
                "start": {
                    "line": 173,
                    "column": 17
                },
                "end": {
                    "line": 173,
                    "column": null
                }
            },
            "56": {
                "start": {
                    "line": 174,
                    "column": 18
                },
                "end": {
                    "line": 174,
                    "column": null
                }
            },
            "57": {
                "start": {
                    "line": 175,
                    "column": 4
                },
                "end": {
                    "line": 175,
                    "column": null
                }
            },
            "58": {
                "start": {
                    "line": 175,
                    "column": 25
                },
                "end": {
                    "line": 175,
                    "column": null
                }
            },
            "59": {
                "start": {
                    "line": 177,
                    "column": 4
                },
                "end": {
                    "line": 177,
                    "column": null
                }
            },
            "60": {
                "start": {
                    "line": 179,
                    "column": 16
                },
                "end": {
                    "line": 179,
                    "column": null
                }
            },
            "61": {
                "start": {
                    "line": 180,
                    "column": 4
                },
                "end": {
                    "line": 183,
                    "column": null
                }
            },
            "62": {
                "start": {
                    "line": 181,
                    "column": 6
                },
                "end": {
                    "line": 181,
                    "column": null
                }
            },
            "63": {
                "start": {
                    "line": 182,
                    "column": 6
                },
                "end": {
                    "line": 182,
                    "column": null
                }
            },
            "64": {
                "start": {
                    "line": 186,
                    "column": 26
                },
                "end": {
                    "line": 186,
                    "column": null
                }
            },
            "65": {
                "start": {
                    "line": 186,
                    "column": 87
                },
                "end": {
                    "line": 186,
                    "column": 94
                }
            },
            "66": {
                "start": {
                    "line": 187,
                    "column": 26
                },
                "end": {
                    "line": 187,
                    "column": null
                }
            },
            "67": {
                "start": {
                    "line": 187,
                    "column": 87
                },
                "end": {
                    "line": 187,
                    "column": 94
                }
            },
            "68": {
                "start": {
                    "line": 189,
                    "column": 40
                },
                "end": {
                    "line": 189,
                    "column": null
                }
            },
            "69": {
                "start": {
                    "line": 190,
                    "column": 3
                },
                "end": {
                    "line": 192,
                    "column": null
                }
            },
            "70": {
                "start": {
                    "line": 191,
                    "column": 4
                },
                "end": {
                    "line": 191,
                    "column": null
                }
            },
            "71": {
                "start": {
                    "line": 194,
                    "column": 20
                },
                "end": {
                    "line": 197,
                    "column": null
                }
            },
            "72": {
                "start": {
                    "line": 195,
                    "column": 5
                },
                "end": {
                    "line": 197,
                    "column": null
                }
            },
            "73": {
                "start": {
                    "line": 196,
                    "column": 19
                },
                "end": {
                    "line": 196,
                    "column": 46
                }
            },
            "74": {
                "start": {
                    "line": 197,
                    "column": 22
                },
                "end": {
                    "line": 197,
                    "column": 39
                }
            },
            "75": {
                "start": {
                    "line": 199,
                    "column": 18
                },
                "end": {
                    "line": 203,
                    "column": null
                }
            },
            "76": {
                "start": {
                    "line": 205,
                    "column": 2
                },
                "end": {
                    "line": 205,
                    "column": null
                }
            },
            "77": {
                "start": {
                    "line": 209,
                    "column": 16
                },
                "end": {
                    "line": 209,
                    "column": null
                }
            },
            "78": {
                "start": {
                    "line": 211,
                    "column": 14
                },
                "end": {
                    "line": 211,
                    "column": null
                }
            },
            "79": {
                "start": {
                    "line": 212,
                    "column": 8
                },
                "end": {
                    "line": 212,
                    "column": null
                }
            },
            "80": {
                "start": {
                    "line": 214,
                    "column": 2
                },
                "end": {
                    "line": 214,
                    "column": null
                }
            },
            "81": {
                "start": {
                    "line": 215,
                    "column": 2
                },
                "end": {
                    "line": 215,
                    "column": null
                }
            },
            "82": {
                "start": {
                    "line": 216,
                    "column": 2
                },
                "end": {
                    "line": 216,
                    "column": null
                }
            },
            "83": {
                "start": {
                    "line": 218,
                    "column": 2
                },
                "end": {
                    "line": 218,
                    "column": null
                }
            },
            "84": {
                "start": {
                    "line": 219,
                    "column": 2
                },
                "end": {
                    "line": 219,
                    "column": null
                }
            },
            "85": {
                "start": {
                    "line": 220,
                    "column": 2
                },
                "end": {
                    "line": 225,
                    "column": null
                }
            },
            "86": {
                "start": {
                    "line": 221,
                    "column": 4
                },
                "end": {
                    "line": 221,
                    "column": null
                }
            },
            "87": {
                "start": {
                    "line": 222,
                    "column": 4
                },
                "end": {
                    "line": 222,
                    "column": null
                }
            },
            "88": {
                "start": {
                    "line": 224,
                    "column": 4
                },
                "end": {
                    "line": 224,
                    "column": null
                }
            },
            "89": {
                "start": {
                    "line": 227,
                    "column": 2
                },
                "end": {
                    "line": 227,
                    "column": null
                }
            },
            "90": {
                "start": {
                    "line": 228,
                    "column": 21
                },
                "end": {
                    "line": 228,
                    "column": null
                }
            },
            "91": {
                "start": {
                    "line": 229,
                    "column": 2
                },
                "end": {
                    "line": 229,
                    "column": null
                }
            },
            "92": {
                "start": {
                    "line": 230,
                    "column": 2
                },
                "end": {
                    "line": 230,
                    "column": null
                }
            },
            "93": {
                "start": {
                    "line": 231,
                    "column": 2
                },
                "end": {
                    "line": 231,
                    "column": null
                }
            },
            "94": {
                "start": {
                    "line": 232,
                    "column": 2
                },
                "end": {
                    "line": 232,
                    "column": null
                }
            },
            "95": {
                "start": {
                    "line": 233,
                    "column": 2
                },
                "end": {
                    "line": 233,
                    "column": null
                }
            },
            "96": {
                "start": {
                    "line": 234,
                    "column": 2
                },
                "end": {
                    "line": 234,
                    "column": null
                }
            },
            "97": {
                "start": {
                    "line": 235,
                    "column": 2
                },
                "end": {
                    "line": 235,
                    "column": null
                }
            },
            "98": {
                "start": {
                    "line": 237,
                    "column": 24
                },
                "end": {
                    "line": 237,
                    "column": null
                }
            },
            "99": {
                "start": {
                    "line": 238,
                    "column": 22
                },
                "end": {
                    "line": 238,
                    "column": null
                }
            },
            "100": {
                "start": {
                    "line": 238,
                    "column": 54
                },
                "end": {
                    "line": 238,
                    "column": 86
                }
            },
            "101": {
                "start": {
                    "line": 239,
                    "column": 22
                },
                "end": {
                    "line": 239,
                    "column": null
                }
            },
            "102": {
                "start": {
                    "line": 239,
                    "column": 54
                },
                "end": {
                    "line": 239,
                    "column": 86
                }
            },
            "103": {
                "start": {
                    "line": 240,
                    "column": 21
                },
                "end": {
                    "line": 240,
                    "column": null
                }
            },
            "104": {
                "start": {
                    "line": 240,
                    "column": 57
                },
                "end": {
                    "line": 240,
                    "column": 88
                }
            },
            "105": {
                "start": {
                    "line": 242,
                    "column": 2
                },
                "end": {
                    "line": 250,
                    "column": null
                }
            },
            "106": {
                "start": {
                    "line": 252,
                    "column": 11
                },
                "end": {
                    "line": 252,
                    "column": null
                }
            },
            "107": {
                "start": {
                    "line": 254,
                    "column": 2
                },
                "end": {
                    "line": 254,
                    "column": null
                }
            },
            "108": {
                "start": {
                    "line": 255,
                    "column": 2
                },
                "end": {
                    "line": 255,
                    "column": 41
                }
            },
            "109": {
                "start": {
                    "line": 255,
                    "column": 41
                },
                "end": {
                    "line": 255,
                    "column": null
                }
            },
            "110": {
                "start": {
                    "line": 257,
                    "column": 14
                },
                "end": {
                    "line": 261,
                    "column": null
                }
            },
            "111": {
                "start": {
                    "line": 258,
                    "column": 4
                },
                "end": {
                    "line": 261,
                    "column": null
                }
            },
            "112": {
                "start": {
                    "line": 260,
                    "column": 18
                },
                "end": {
                    "line": 260,
                    "column": 55
                }
            },
            "113": {
                "start": {
                    "line": 263,
                    "column": 2
                },
                "end": {
                    "line": 263,
                    "column": null
                }
            },
            "114": {
                "start": {
                    "line": 264,
                    "column": 2
                },
                "end": {
                    "line": 264,
                    "column": 64
                }
            },
            "115": {
                "start": {
                    "line": 264,
                    "column": 64
                },
                "end": {
                    "line": 264,
                    "column": null
                }
            },
            "116": {
                "start": {
                    "line": 265,
                    "column": 2
                },
                "end": {
                    "line": 265,
                    "column": 64
                }
            },
            "117": {
                "start": {
                    "line": 265,
                    "column": 64
                },
                "end": {
                    "line": 265,
                    "column": null
                }
            },
            "118": {
                "start": {
                    "line": 266,
                    "column": 2
                },
                "end": {
                    "line": 266,
                    "column": 63
                }
            },
            "119": {
                "start": {
                    "line": 266,
                    "column": 63
                },
                "end": {
                    "line": 266,
                    "column": null
                }
            },
            "120": {
                "start": {
                    "line": 268,
                    "column": 17
                },
                "end": {
                    "line": 268,
                    "column": null
                }
            },
            "121": {
                "start": {
                    "line": 269,
                    "column": 17
                },
                "end": {
                    "line": 269,
                    "column": null
                }
            },
            "122": {
                "start": {
                    "line": 272,
                    "column": 4
                },
                "end": {
                    "line": 274,
                    "column": null
                }
            },
            "123": {
                "start": {
                    "line": 276,
                    "column": 2
                },
                "end": {
                    "line": 276,
                    "column": null
                }
            },
            "124": {
                "start": {
                    "line": 277,
                    "column": 2
                },
                "end": {
                    "line": 277,
                    "column": 35
                }
            },
            "125": {
                "start": {
                    "line": 277,
                    "column": 35
                },
                "end": {
                    "line": 277,
                    "column": null
                }
            },
            "126": {
                "start": {
                    "line": 278,
                    "column": 2
                },
                "end": {
                    "line": 278,
                    "column": null
                }
            },
            "127": {
                "start": {
                    "line": 279,
                    "column": 2
                },
                "end": {
                    "line": 279,
                    "column": null
                }
            },
            "128": {
                "start": {
                    "line": 281,
                    "column": 19
                },
                "end": {
                    "line": 281,
                    "column": null
                }
            },
            "129": {
                "start": {
                    "line": 282,
                    "column": 2
                },
                "end": {
                    "line": 282,
                    "column": null
                }
            }
        },
        "fnMap": {
            "0": {
                "name": "isYes",
                "decl": {
                    "start": {
                        "line": 28,
                        "column": 16
                    },
                    "end": {
                        "line": 28,
                        "column": 22
                    }
                },
                "loc": {
                    "start": {
                        "line": 28,
                        "column": 64
                    },
                    "end": {
                        "line": 32,
                        "column": null
                    }
                },
                "line": 28
            },
            "1": {
                "name": "getChasidetest_id",
                "decl": {
                    "start": {
                        "line": 55,
                        "column": 15
                    },
                    "end": {
                        "line": 55,
                        "column": 51
                    }
                },
                "loc": {
                    "start": {
                        "line": 55,
                        "column": 51
                    },
                    "end": {
                        "line": 66,
                        "column": null
                    }
                },
                "line": 55
            },
            "2": {
                "name": "computeChasideScore",
                "decl": {
                    "start": {
                        "line": 68,
                        "column": 22
                    },
                    "end": {
                        "line": 68,
                        "column": 42
                    }
                },
                "loc": {
                    "start": {
                        "line": 68,
                        "column": 113
                    },
                    "end": {
                        "line": 153,
                        "column": null
                    }
                },
                "line": 68
            },
            "3": {
                "name": "(anonymous_3)",
                "decl": {
                    "start": {
                        "line": 114,
                        "column": 45
                    },
                    "end": {
                        "line": 114,
                        "column": 50
                    }
                },
                "loc": {
                    "start": {
                        "line": 114,
                        "column": 50
                    },
                    "end": {
                        "line": 118,
                        "column": 3
                    }
                },
                "line": 114
            },
            "4": {
                "name": "(anonymous_4)",
                "decl": {
                    "start": {
                        "line": 121,
                        "column": 30
                    },
                    "end": {
                        "line": 121,
                        "column": 31
                    }
                },
                "loc": {
                    "start": {
                        "line": 121,
                        "column": 37
                    },
                    "end": {
                        "line": 121,
                        "column": 47
                    }
                },
                "line": 121
            },
            "5": {
                "name": "(anonymous_5)",
                "decl": {
                    "start": {
                        "line": 121,
                        "column": 56
                    },
                    "end": {
                        "line": 121,
                        "column": 57
                    }
                },
                "loc": {
                    "start": {
                        "line": 121,
                        "column": 76
                    },
                    "end": {
                        "line": 121,
                        "column": 85
                    }
                },
                "line": 121
            },
            "6": {
                "name": "(anonymous_6)",
                "decl": {
                    "start": {
                        "line": 132,
                        "column": 43
                    },
                    "end": {
                        "line": 132,
                        "column": 44
                    }
                },
                "loc": {
                    "start": {
                        "line": 132,
                        "column": 50
                    },
                    "end": {
                        "line": 132,
                        "column": 80
                    }
                },
                "line": 132
            },
            "7": {
                "name": "calculateChasideResultSummary",
                "decl": {
                    "start": {
                        "line": 155,
                        "column": 16
                    },
                    "end": {
                        "line": 155,
                        "column": null
                    }
                },
                "loc": {
                    "start": {
                        "line": 160,
                        "column": 2
                    },
                    "end": {
                        "line": 206,
                        "column": null
                    }
                },
                "line": 160
            },
            "8": {
                "name": "(anonymous_8)",
                "decl": {
                    "start": {
                        "line": 161,
                        "column": 25
                    },
                    "end": {
                        "line": 161,
                        "column": null
                    }
                },
                "loc": {
                    "start": {
                        "line": 162,
                        "column": 5
                    },
                    "end": {
                        "line": 162,
                        "column": null
                    }
                },
                "line": 162
            },
            "9": {
                "name": "(anonymous_9)",
                "decl": {
                    "start": {
                        "line": 186,
                        "column": 77
                    },
                    "end": {
                        "line": 186,
                        "column": 78
                    }
                },
                "loc": {
                    "start": {
                        "line": 186,
                        "column": 87
                    },
                    "end": {
                        "line": 186,
                        "column": 94
                    }
                },
                "line": 186
            },
            "10": {
                "name": "(anonymous_10)",
                "decl": {
                    "start": {
                        "line": 187,
                        "column": 77
                    },
                    "end": {
                        "line": 187,
                        "column": 78
                    }
                },
                "loc": {
                    "start": {
                        "line": 187,
                        "column": 87
                    },
                    "end": {
                        "line": 187,
                        "column": 94
                    }
                },
                "line": 187
            },
            "11": {
                "name": "(anonymous_11)",
                "decl": {
                    "start": {
                        "line": 190,
                        "column": 43
                    },
                    "end": {
                        "line": 190,
                        "column": 44
                    }
                },
                "loc": {
                    "start": {
                        "line": 190,
                        "column": 50
                    },
                    "end": {
                        "line": 192,
                        "column": 3
                    }
                },
                "line": 190
            },
            "12": {
                "name": "(anonymous_12)",
                "decl": {
                    "start": {
                        "line": 194,
                        "column": 20
                    },
                    "end": {
                        "line": 194,
                        "column": 21
                    }
                },
                "loc": {
                    "start": {
                        "line": 195,
                        "column": 5
                    },
                    "end": {
                        "line": 197,
                        "column": null
                    }
                },
                "line": 195
            },
            "13": {
                "name": "(anonymous_13)",
                "decl": {
                    "start": {
                        "line": 196,
                        "column": 11
                    },
                    "end": {
                        "line": 196,
                        "column": 12
                    }
                },
                "loc": {
                    "start": {
                        "line": 196,
                        "column": 19
                    },
                    "end": {
                        "line": 196,
                        "column": 46
                    }
                },
                "line": 196
            },
            "14": {
                "name": "(anonymous_14)",
                "decl": {
                    "start": {
                        "line": 197,
                        "column": 12
                    },
                    "end": {
                        "line": 197,
                        "column": 13
                    }
                },
                "loc": {
                    "start": {
                        "line": 197,
                        "column": 22
                    },
                    "end": {
                        "line": 197,
                        "column": 39
                    }
                },
                "line": 197
            },
            "15": {
                "name": "downloadChasideReportPDF",
                "decl": {
                    "start": {
                        "line": 208,
                        "column": 22
                    },
                    "end": {
                        "line": 208,
                        "column": 47
                    }
                },
                "loc": {
                    "start": {
                        "line": 208,
                        "column": 110
                    },
                    "end": {
                        "line": 283,
                        "column": null
                    }
                },
                "line": 208
            },
            "16": {
                "name": "(anonymous_16)",
                "decl": {
                    "start": {
                        "line": 238,
                        "column": 47
                    },
                    "end": {
                        "line": 238,
                        "column": 48
                    }
                },
                "loc": {
                    "start": {
                        "line": 238,
                        "column": 54
                    },
                    "end": {
                        "line": 238,
                        "column": 86
                    }
                },
                "line": 238
            },
            "17": {
                "name": "(anonymous_17)",
                "decl": {
                    "start": {
                        "line": 239,
                        "column": 47
                    },
                    "end": {
                        "line": 239,
                        "column": 48
                    }
                },
                "loc": {
                    "start": {
                        "line": 239,
                        "column": 54
                    },
                    "end": {
                        "line": 239,
                        "column": 86
                    }
                },
                "line": 239
            },
            "18": {
                "name": "(anonymous_18)",
                "decl": {
                    "start": {
                        "line": 240,
                        "column": 50
                    },
                    "end": {
                        "line": 240,
                        "column": 51
                    }
                },
                "loc": {
                    "start": {
                        "line": 240,
                        "column": 57
                    },
                    "end": {
                        "line": 240,
                        "column": 88
                    }
                },
                "line": 240
            },
            "19": {
                "name": "(anonymous_19)",
                "decl": {
                    "start": {
                        "line": 257,
                        "column": 14
                    },
                    "end": {
                        "line": 257,
                        "column": 15
                    }
                },
                "loc": {
                    "start": {
                        "line": 258,
                        "column": 4
                    },
                    "end": {
                        "line": 261,
                        "column": null
                    }
                },
                "line": 258
            },
            "20": {
                "name": "(anonymous_20)",
                "decl": {
                    "start": {
                        "line": 260,
                        "column": 11
                    },
                    "end": {
                        "line": 260,
                        "column": 12
                    }
                },
                "loc": {
                    "start": {
                        "line": 260,
                        "column": 18
                    },
                    "end": {
                        "line": 260,
                        "column": 55
                    }
                },
                "line": 260
            }
        },
        "branchMap": {
            "0": {
                "loc": {
                    "start": {
                        "line": 29,
                        "column": 2
                    },
                    "end": {
                        "line": 29,
                        "column": null
                    }
                },
                "type": "if",
                "locations": [
                    {
                        "start": {
                            "line": 29,
                            "column": 2
                        },
                        "end": {
                            "line": 29,
                            "column": null
                        }
                    },
                    {
                        "start": {},
                        "end": {}
                    }
                ],
                "line": 29
            },
            "1": {
                "loc": {
                    "start": {
                        "line": 31,
                        "column": 9
                    },
                    "end": {
                        "line": 31,
                        "column": null
                    }
                },
                "type": "binary-expr",
                "locations": [
                    {
                        "start": {
                            "line": 31,
                            "column": 9
                        },
                        "end": {
                            "line": 31,
                            "column": 23
                        }
                    },
                    {
                        "start": {
                            "line": 31,
                            "column": 23
                        },
                        "end": {
                            "line": 31,
                            "column": null
                        }
                    }
                ],
                "line": 31
            },
            "2": {
                "loc": {
                    "start": {
                        "line": 62,
                        "column": 2
                    },
                    "end": {
                        "line": 64,
                        "column": null
                    }
                },
                "type": "if",
                "locations": [
                    {
                        "start": {
                            "line": 62,
                            "column": 2
                        },
                        "end": {
                            "line": 64,
                            "column": null
                        }
                    },
                    {
                        "start": {},
                        "end": {}
                    }
                ],
                "line": 62
            },
            "3": {
                "loc": {
                    "start": {
                        "line": 62,
                        "column": 6
                    },
                    "end": {
                        "line": 62,
                        "column": 22
                    }
                },
                "type": "binary-expr",
                "locations": [
                    {
                        "start": {
                            "line": 62,
                            "column": 6
                        },
                        "end": {
                            "line": 62,
                            "column": 15
                        }
                    },
                    {
                        "start": {
                            "line": 62,
                            "column": 15
                        },
                        "end": {
                            "line": 62,
                            "column": 22
                        }
                    }
                ],
                "line": 62
            },
            "4": {
                "loc": {
                    "start": {
                        "line": 68,
                        "column": 60
                    },
                    "end": {
                        "line": 68,
                        "column": 113
                    }
                },
                "type": "default-arg",
                "locations": [
                    {
                        "start": {
                            "line": 68,
                            "column": 80
                        },
                        "end": {
                            "line": 68,
                            "column": 113
                        }
                    }
                ],
                "line": 68
            },
            "5": {
                "loc": {
                    "start": {
                        "line": 76,
                        "column": 20
                    },
                    "end": {
                        "line": 76,
                        "column": null
                    }
                },
                "type": "binary-expr",
                "locations": [
                    {
                        "start": {
                            "line": 76,
                            "column": 20
                        },
                        "end": {
                            "line": 76,
                            "column": 29
                        }
                    },
                    {
                        "start": {
                            "line": 76,
                            "column": 29
                        },
                        "end": {
                            "line": 76,
                            "column": 48
                        }
                    },
                    {
                        "start": {
                            "line": 76,
                            "column": 48
                        },
                        "end": {
                            "line": 76,
                            "column": null
                        }
                    }
                ],
                "line": 76
            },
            "6": {
                "loc": {
                    "start": {
                        "line": 82,
                        "column": 22
                    },
                    "end": {
                        "line": 82,
                        "column": null
                    }
                },
                "type": "binary-expr",
                "locations": [
                    {
                        "start": {
                            "line": 82,
                            "column": 22
                        },
                        "end": {
                            "line": 82,
                            "column": 32
                        }
                    },
                    {
                        "start": {
                            "line": 82,
                            "column": 32
                        },
                        "end": {
                            "line": 82,
                            "column": 54
                        }
                    },
                    {
                        "start": {
                            "line": 82,
                            "column": 54
                        },
                        "end": {
                            "line": 82,
                            "column": null
                        }
                    }
                ],
                "line": 82
            },
            "7": {
                "loc": {
                    "start": {
                        "line": 90,
                        "column": 2
                    },
                    "end": {
                        "line": 90,
                        "column": null
                    }
                },
                "type": "if",
                "locations": [
                    {
                        "start": {
                            "line": 90,
                            "column": 2
                        },
                        "end": {
                            "line": 90,
                            "column": null
                        }
                    },
                    {
                        "start": {},
                        "end": {}
                    }
                ],
                "line": 90
            },
            "8": {
                "loc": {
                    "start": {
                        "line": 95,
                        "column": 18
                    },
                    "end": {
                        "line": 95,
                        "column": 31
                    }
                },
                "type": "binary-expr",
                "locations": [
                    {
                        "start": {
                            "line": 95,
                            "column": 18
                        },
                        "end": {
                            "line": 95,
                            "column": 27
                        }
                    },
                    {
                        "start": {
                            "line": 95,
                            "column": 27
                        },
                        "end": {
                            "line": 95,
                            "column": 31
                        }
                    }
                ],
                "line": 95
            },
            "9": {
                "loc": {
                    "start": {
                        "line": 98,
                        "column": 4
                    },
                    "end": {
                        "line": 98,
                        "column": null
                    }
                },
                "type": "if",
                "locations": [
                    {
                        "start": {
                            "line": 98,
                            "column": 4
                        },
                        "end": {
                            "line": 98,
                            "column": null
                        }
                    },
                    {
                        "start": {},
                        "end": {}
                    }
                ],
                "line": 98
            },
            "10": {
                "loc": {
                    "start": {
                        "line": 99,
                        "column": 4
                    },
                    "end": {
                        "line": 99,
                        "column": null
                    }
                },
                "type": "if",
                "locations": [
                    {
                        "start": {
                            "line": 99,
                            "column": 4
                        },
                        "end": {
                            "line": 99,
                            "column": null
                        }
                    },
                    {
                        "start": {},
                        "end": {}
                    }
                ],
                "line": 99
            },
            "11": {
                "loc": {
                    "start": {
                        "line": 99,
                        "column": 8
                    },
                    "end": {
                        "line": 99,
                        "column": 54
                    }
                },
                "type": "binary-expr",
                "locations": [
                    {
                        "start": {
                            "line": 99,
                            "column": 8
                        },
                        "end": {
                            "line": 99,
                            "column": 32
                        }
                    },
                    {
                        "start": {
                            "line": 99,
                            "column": 32
                        },
                        "end": {
                            "line": 99,
                            "column": 54
                        }
                    }
                ],
                "line": 99
            },
            "12": {
                "loc": {
                    "start": {
                        "line": 112,
                        "column": 2
                    },
                    "end": {
                        "line": 112,
                        "column": null
                    }
                },
                "type": "if",
                "locations": [
                    {
                        "start": {
                            "line": 112,
                            "column": 2
                        },
                        "end": {
                            "line": 112,
                            "column": null
                        }
                    },
                    {
                        "start": {},
                        "end": {}
                    }
                ],
                "line": 112
            },
            "13": {
                "loc": {
                    "start": {
                        "line": 114,
                        "column": 25
                    },
                    "end": {
                        "line": 114,
                        "column": 38
                    }
                },
                "type": "binary-expr",
                "locations": [
                    {
                        "start": {
                            "line": 114,
                            "column": 25
                        },
                        "end": {
                            "line": 114,
                            "column": 34
                        }
                    },
                    {
                        "start": {
                            "line": 114,
                            "column": 34
                        },
                        "end": {
                            "line": 114,
                            "column": 38
                        }
                    }
                ],
                "line": 114
            },
            "14": {
                "loc": {
                    "start": {
                        "line": 115,
                        "column": 14
                    },
                    "end": {
                        "line": 115,
                        "column": null
                    }
                },
                "type": "binary-expr",
                "locations": [
                    {
                        "start": {
                            "line": 115,
                            "column": 14
                        },
                        "end": {
                            "line": 115,
                            "column": 27
                        }
                    },
                    {
                        "start": {
                            "line": 115,
                            "column": 27
                        },
                        "end": {
                            "line": 115,
                            "column": null
                        }
                    }
                ],
                "line": 115
            },
            "15": {
                "loc": {
                    "start": {
                        "line": 116,
                        "column": 4
                    },
                    "end": {
                        "line": 116,
                        "column": null
                    }
                },
                "type": "if",
                "locations": [
                    {
                        "start": {
                            "line": 116,
                            "column": 4
                        },
                        "end": {
                            "line": 116,
                            "column": null
                        }
                    },
                    {
                        "start": {},
                        "end": {}
                    }
                ],
                "line": 116
            },
            "16": {
                "loc": {
                    "start": {
                        "line": 121,
                        "column": 13
                    },
                    "end": {
                        "line": 121,
                        "column": 26
                    }
                },
                "type": "binary-expr",
                "locations": [
                    {
                        "start": {
                            "line": 121,
                            "column": 13
                        },
                        "end": {
                            "line": 121,
                            "column": 22
                        }
                    },
                    {
                        "start": {
                            "line": 121,
                            "column": 22
                        },
                        "end": {
                            "line": 121,
                            "column": 26
                        }
                    }
                ],
                "line": 121
            },
            "17": {
                "loc": {
                    "start": {
                        "line": 125,
                        "column": 2
                    },
                    "end": {
                        "line": 133,
                        "column": null
                    }
                },
                "type": "if",
                "locations": [
                    {
                        "start": {
                            "line": 125,
                            "column": 2
                        },
                        "end": {
                            "line": 133,
                            "column": null
                        }
                    },
                    {
                        "start": {},
                        "end": {}
                    }
                ],
                "line": 125
            },
            "18": {
                "loc": {
                    "start": {
                        "line": 131,
                        "column": 4
                    },
                    "end": {
                        "line": 131,
                        "column": null
                    }
                },
                "type": "if",
                "locations": [
                    {
                        "start": {
                            "line": 131,
                            "column": 4
                        },
                        "end": {
                            "line": 131,
                            "column": null
                        }
                    },
                    {
                        "start": {},
                        "end": {}
                    }
                ],
                "line": 131
            },
            "19": {
                "loc": {
                    "start": {
                        "line": 132,
                        "column": 24
                    },
                    "end": {
                        "line": 132,
                        "column": 39
                    }
                },
                "type": "binary-expr",
                "locations": [
                    {
                        "start": {
                            "line": 132,
                            "column": 24
                        },
                        "end": {
                            "line": 132,
                            "column": 35
                        }
                    },
                    {
                        "start": {
                            "line": 132,
                            "column": 35
                        },
                        "end": {
                            "line": 132,
                            "column": 39
                        }
                    }
                ],
                "line": 132
            },
            "20": {
                "loc": {
                    "start": {
                        "line": 132,
                        "column": 64
                    },
                    "end": {
                        "line": 132,
                        "column": 78
                    }
                },
                "type": "binary-expr",
                "locations": [
                    {
                        "start": {
                            "line": 132,
                            "column": 64
                        },
                        "end": {
                            "line": 132,
                            "column": 76
                        }
                    },
                    {
                        "start": {
                            "line": 132,
                            "column": 76
                        },
                        "end": {
                            "line": 132,
                            "column": 78
                        }
                    }
                ],
                "line": 132
            },
            "21": {
                "loc": {
                    "start": {
                        "line": 175,
                        "column": 4
                    },
                    "end": {
                        "line": 175,
                        "column": null
                    }
                },
                "type": "if",
                "locations": [
                    {
                        "start": {
                            "line": 175,
                            "column": 4
                        },
                        "end": {
                            "line": 175,
                            "column": null
                        }
                    },
                    {
                        "start": {},
                        "end": {}
                    }
                ],
                "line": 175
            },
            "22": {
                "loc": {
                    "start": {
                        "line": 175,
                        "column": 8
                    },
                    "end": {
                        "line": 175,
                        "column": 25
                    }
                },
                "type": "binary-expr",
                "locations": [
                    {
                        "start": {
                            "line": 175,
                            "column": 8
                        },
                        "end": {
                            "line": 175,
                            "column": 17
                        }
                    },
                    {
                        "start": {
                            "line": 175,
                            "column": 17
                        },
                        "end": {
                            "line": 175,
                            "column": 25
                        }
                    }
                ],
                "line": 175
            },
            "23": {
                "loc": {
                    "start": {
                        "line": 179,
                        "column": 16
                    },
                    "end": {
                        "line": 179,
                        "column": null
                    }
                },
                "type": "cond-expr",
                "locations": [
                    {
                        "start": {
                            "line": 179,
                            "column": 29
                        },
                        "end": {
                            "line": 179,
                            "column": 56
                        }
                    },
                    {
                        "start": {
                            "line": 179,
                            "column": 56
                        },
                        "end": {
                            "line": 179,
                            "column": null
                        }
                    }
                ],
                "line": 179
            },
            "24": {
                "loc": {
                    "start": {
                        "line": 180,
                        "column": 4
                    },
                    "end": {
                        "line": 183,
                        "column": null
                    }
                },
                "type": "if",
                "locations": [
                    {
                        "start": {
                            "line": 180,
                            "column": 4
                        },
                        "end": {
                            "line": 183,
                            "column": null
                        }
                    },
                    {
                        "start": {},
                        "end": {}
                    }
                ],
                "line": 180
            },
            "25": {
                "loc": {
                    "start": {
                        "line": 208,
                        "column": 65
                    },
                    "end": {
                        "line": 208,
                        "column": 110
                    }
                },
                "type": "default-arg",
                "locations": [
                    {
                        "start": {
                            "line": 208,
                            "column": 85
                        },
                        "end": {
                            "line": 208,
                            "column": 110
                        }
                    }
                ],
                "line": 208
            },
            "26": {
                "loc": {
                    "start": {
                        "line": 220,
                        "column": 2
                    },
                    "end": {
                        "line": 225,
                        "column": null
                    }
                },
                "type": "if",
                "locations": [
                    {
                        "start": {
                            "line": 220,
                            "column": 2
                        },
                        "end": {
                            "line": 225,
                            "column": null
                        }
                    },
                    {
                        "start": {
                            "line": 223,
                            "column": 9
                        },
                        "end": {
                            "line": 225,
                            "column": null
                        }
                    }
                ],
                "line": 220
            },
            "27": {
                "loc": {
                    "start": {
                        "line": 221,
                        "column": 24
                    },
                    "end": {
                        "line": 221,
                        "column": 61
                    }
                },
                "type": "binary-expr",
                "locations": [
                    {
                        "start": {
                            "line": 221,
                            "column": 24
                        },
                        "end": {
                            "line": 221,
                            "column": 42
                        }
                    },
                    {
                        "start": {
                            "line": 221,
                            "column": 42
                        },
                        "end": {
                            "line": 221,
                            "column": 61
                        }
                    }
                ],
                "line": 221
            },
            "28": {
                "loc": {
                    "start": {
                        "line": 224,
                        "column": 24
                    },
                    "end": {
                        "line": 224,
                        "column": 61
                    }
                },
                "type": "binary-expr",
                "locations": [
                    {
                        "start": {
                            "line": 224,
                            "column": 24
                        },
                        "end": {
                            "line": 224,
                            "column": 42
                        }
                    },
                    {
                        "start": {
                            "line": 224,
                            "column": 42
                        },
                        "end": {
                            "line": 224,
                            "column": 61
                        }
                    }
                ],
                "line": 224
            },
            "29": {
                "loc": {
                    "start": {
                        "line": 228,
                        "column": 21
                    },
                    "end": {
                        "line": 228,
                        "column": null
                    }
                },
                "type": "cond-expr",
                "locations": [
                    {
                        "start": {
                            "line": 228,
                            "column": 40
                        },
                        "end": {
                            "line": 228,
                            "column": 45
                        }
                    },
                    {
                        "start": {
                            "line": 228,
                            "column": 45
                        },
                        "end": {
                            "line": 228,
                            "column": null
                        }
                    }
                ],
                "line": 228
            },
            "30": {
                "loc": {
                    "start": {
                        "line": 243,
                        "column": 12
                    },
                    "end": {
                        "line": 243,
                        "column": null
                    }
                },
                "type": "cond-expr",
                "locations": [
                    {
                        "start": {
                            "line": 243,
                            "column": 31
                        },
                        "end": {
                            "line": 243,
                            "column": 36
                        }
                    },
                    {
                        "start": {
                            "line": 243,
                            "column": 36
[...]
                    {
                        "start": {
                            "line": 117,
                            "column": 73
                        },
                        "end": {
                            "line": 117,
                            "column": 75
                        }
                    }
                ],
                "line": 117
            },
            "23": {
                "loc": {
                    "start": {
                        "line": 151,
                        "column": 4
                    },
                    "end": {
                        "line": 151,
                        "column": null
                    }
                },
                "type": "if",
                "locations": [
                    {
                        "start": {
                            "line": 151,
                            "column": 4
                        },
                        "end": {
                            "line": 151,
                            "column": null
                        }
                    },
                    {
                        "start": {},
                        "end": {}
                    }
                ],
                "line": 151
            },
            "24": {
                "loc": {
                    "start": {
                        "line": 153,
                        "column": 16
                    },
                    "end": {
                        "line": 153,
                        "column": null
                    }
                },
                "type": "cond-expr",
                "locations": [
                    {
                        "start": {
                            "line": 153,
                            "column": 29
                        },
                        "end": {
                            "line": 153,
                            "column": 56
                        }
                    },
                    {
                        "start": {
                            "line": 153,
                            "column": 56
                        },
                        "end": {
                            "line": 153,
                            "column": null
                        }
                    }
                ],
                "line": 153
            },
            "25": {
                "loc": {
                    "start": {
                        "line": 168,
                        "column": 62
                    },
                    "end": {
                        "line": 168,
                        "column": 107
                    }
                },
                "type": "default-arg",
                "locations": [
                    {
                        "start": {
                            "line": 168,
                            "column": 82
                        },
                        "end": {
                            "line": 168,
                            "column": 107
                        }
                    }
                ],
                "line": 168
            },
            "26": {
                "loc": {
                    "start": {
                        "line": 180,
                        "column": 2
                    },
                    "end": {
                        "line": 185,
                        "column": null
                    }
                },
                "type": "if",
                "locations": [
                    {
                        "start": {
                            "line": 180,
                            "column": 2
                        },
                        "end": {
                            "line": 185,
                            "column": null
                        }
                    },
                    {
                        "start": {
                            "line": 183,
                            "column": 9
                        },
                        "end": {
                            "line": 185,
                            "column": null
                        }
                    }
                ],
                "line": 180
            },
            "27": {
                "loc": {
                    "start": {
                        "line": 181,
                        "column": 24
                    },
                    "end": {
                        "line": 181,
                        "column": 45
                    }
                },
                "type": "binary-expr",
                "locations": [
                    {
                        "start": {
                            "line": 181,
                            "column": 24
                        },
                        "end": {
                            "line": 181,
                            "column": 40
                        }
                    },
                    {
                        "start": {
                            "line": 181,
                            "column": 40
                        },
                        "end": {
                            "line": 181,
                            "column": 45
                        }
                    }
                ],
                "line": 181
            },
            "28": {
                "loc": {
                    "start": {
                        "line": 184,
                        "column": 24
                    },
                    "end": {
                        "line": 184,
                        "column": 45
                    }
                },
                "type": "binary-expr",
                "locations": [
                    {
                        "start": {
                            "line": 184,
                            "column": 24
                        },
                        "end": {
                            "line": 184,
                            "column": 40
                        }
                    },
                    {
                        "start": {
                            "line": 184,
                            "column": 40
                        },
                        "end": {
                            "line": 184,
                            "column": 45
                        }
                    }
                ],
                "line": 184
            },
            "29": {
                "loc": {
                    "start": {
                        "line": 194,
                        "column": 12
                    },
                    "end": {
                        "line": 194,
                        "column": null
                    }
                },
                "type": "cond-expr",
                "locations": [
                    {
                        "start": {
                            "line": 194,
                            "column": 29
                        },
                        "end": {
                            "line": 194,
                            "column": 34
                        }
                    },
                    {
                        "start": {
                            "line": 194,
                            "column": 34
                        },
                        "end": {
                            "line": 194,
                            "column": null
                        }
                    }
                ],
                "line": 194
            },
            "30": {
                "loc": {
                    "start": {
                        "line": 216,
                        "column": 27
                    },
                    "end": {
                        "line": 216,
                        "column": 51
                    }
                },
                "type": "binary-expr",
                "locations": [
                    {
                        "start": {
                            "line": 216,
                            "column": 27
                        },
                        "end": {
                            "line": 216,
                            "column": 43
                        }
                    },
                    {
                        "start": {
                            "line": 216,
                            "column": 43
                        },
                        "end": {
                            "line": 216,
                            "column": 51
                        }
                    }
                ],
                "line": 216
            }
        },
        "s": {
            "0": 1,
            "1": 15,
            "2": 2,
            "3": 13,
            "4": 13,
            "5": 1,
            "6": 12,
            "7": 2,
            "8": 10,
            "9": 5,
            "10": 5,
            "11": 4,
            "12": 1,
            "13": 2,
            "14": 2,
            "15": 0,
            "16": 2,
            "17": 2,
            "18": 2,
            "19": 2,
            "20": 2,
            "21": 2,
            "22": 2,
            "23": 2,
            "24": 0,
            "25": 2,
            "26": 2,
            "27": 0,
            "28": 0,
            "29": 0,
            "30": 2,
            "31": 2,
            "32": 0,
            "33": 2,
            "34": 0,
            "35": 0,
            "36": 0,
            "37": 0,
            "38": 2,
            "39": 0,
            "40": 0,
            "41": 2,
            "42": 2,
            "43": 0,
            "44": 0,
            "45": 0,
            "46": 0,
            "47": 0,
            "48": 2,
            "49": 2,
            "50": 5,
            "51": 5,
            "52": 5,
            "53": 8,
            "54": 8,
            "55": 0,
            "56": 8,
            "57": 8,
            "58": 8,
            "59": 8,
            "60": 5,
            "61": 75,
            "62": 5,
            "63": 75,
            "64": 92,
            "65": 5,
            "66": 1,
            "67": 1,
            "68": 1,
            "69": 1,
            "70": 1,
            "71": 1,
            "72": 1,
            "73": 1,
            "74": 1,
            "75": 0,
            "76": 0,
            "77": 1,
            "78": 1,
            "79": 15,
            "80": 1,
            "81": 1,
            "82": 1,
            "83": 1,
            "84": 1,
            "85": 1,
            "86": 1,
            "87": 1,
            "88": 5,
            "89": 5,
            "90": 1,
            "91": 1
        },
        "f": {
            "0": 15,
            "1": 2,
            "2": 2,
            "3": 0,
            "4": 0,
            "5": 0,
            "6": 0,
            "7": 0,
            "8": 5,
            "9": 75,
            "10": 75,
            "11": 92,
            "12": 1,
            "13": 15,
            "14": 5
        },
        "b": {
            "0": [
                2,
                13
            ],
            "1": [
                1,
                12
            ],
            "2": [
                2,
                10
            ],
            "3": [
                5,
                5
            ],
            "4": [
                4,
                1
            ],
            "5": [
                0,
                2
            ],
            "6": [
                2,
                2
            ],
            "7": [
                2
            ],
            "8": [
                2,
                2,
                2
            ],
            "9": [
                2,
                2,
                2
            ],
            "10": [
                0,
                2
            ],
            "11": [
                2,
                0
            ],
            "12": [
                0,
                0
            ],
            "13": [
                0,
                0
            ],
            "14": [
                0,
                2
            ],
            "15": [
                2,
                0
            ],
            "16": [
                0,
                0
            ],
            "17": [
                0,
                0
            ],
            "18": [
                2,
                0
            ],
            "19": [
                0,
                2
            ],
            "20": [
                0,
                0
            ],
            "21": [
                0,
                0
            ],
            "22": [
                0,
                0
            ],
            "23": [
                0,
                8
            ],
            "24": [
                8,
                0
            ],
            "25": [
                1
            ],
            "26": [
                0,
                1
            ],
            "27": [
                0,
                0
            ],
            "28": [
                1,
                1
            ],
            "29": [
                0,
                1
            ],
            "30": [
                1,
                1
            ]
        },
        "meta": {
            "lastBranch": 31,
            "lastFunction": 15,
            "lastStatement": 92,
            "seen": {
                "s:9:50:25:Infinity": 0,
                "f:27:16:27:41": 0,
                "b:28:2:28:Infinity:undefined:undefined:undefined:undefined": 0,
                "s:28:2:28:Infinity": 1,
                "s:28:12:28:Infinity": 2,
                "s:29:12:29:Infinity": 3,
                "b:30:2:30:Infinity:undefined:undefined:undefined:undefined": 1,
                "s:30:2:30:Infinity": 4,
                "s:30:51:30:Infinity": 5,
                "b:31:2:31:Infinity:undefined:undefined:undefined:undefined": 2,
                "s:31:2:31:Infinity": 6,
                "s:31:27:31:Infinity": 7,
                "b:32:2:32:Infinity:undefined:undefined:undefined:undefined": 3,
                "s:32:2:32:Infinity": 8,
                "s:32:47:32:Infinity": 9,
                "b:33:2:33:Infinity:undefined:undefined:undefined:undefined": 4,
                "s:33:2:33:Infinity": 10,
                "s:33:24:33:Infinity": 11,
                "s:34:2:34:Infinity": 12,
                "f:48:15:48:48": 1,
                "s:49:26:53:Infinity": 13,
                "b:55:2:57:Infinity:undefined:undefined:undefined:undefined": 5,
                "s:55:2:57:Infinity": 14,
                "b:55:6:55:15:55:15:55:22": 6,
                "s:56:4:56:Infinity": 15,
                "s:58:2:58:Infinity": 16,
                "f:61:22:61:39": 2,
                "b:61:77:61:108": 7,
                "s:62:17:62:Infinity": 17,
                "s:64:26:68:Infinity": 18,
                "s:69:20:69:Infinity": 19,
                "b:69:20:69:29:69:29:69:48:69:48:69:Infinity": 8,
                "s:70:27:74:Infinity": 20,
                "s:75:22:75:Infinity": 21,
                "b:75:22:75:32:75:32:75:54:75:54:75:Infinity": 9,
                "s:77:39:81:Infinity": 22,
                "b:82:2:82:Infinity:undefined:undefined:undefined:undefined": 10,
                "s:82:2:82:Infinity": 23,
                "s:82:12:82:Infinity": 24,
                "s:84:21:84:Infinity": 25,
                "s:85:2:88:Infinity": 26,
                "b:85:3:85:12:85:12:85:16": 11,
                "f:85:24:85:25": 3,
                "s:86:14:86:Infinity": 27,
                "b:87:4:87:Infinity:undefined:undefined:undefined:undefined": 12,
                "s:87:4:87:Infinity": 28,
                "b:87:8:87:18:87:18:87:27": 13,
                "s:87:27:87:Infinity": 29,
                "s:90:39:96:Infinity": 30,
                "b:97:2:97:Infinity:undefined:undefined:undefined:undefined": 14,
                "s:97:2:97:Infinity": 31,
                "s:97:12:97:Infinity": 32,
                "s:99:8:103:Infinity": 33,
                "b:99:25:99:34:99:34:99:38": 15,
                "f:99:45:99:50": 4,
                "s:100:14:100:Infinity": 34,
                "b:100:14:100:27:100:27:100:Infinity": 16,
                "b:101:4:101:Infinity:undefined:undefined:undefined:undefined": 17,
                "s:101:4:101:Infinity": 35,
                "s:101:32:101:Infinity": 36,
                "s:102:4:102:Infinity": 37,
                "s:105:20:107:Infinity": 38,
                "b:106:13:106:22:106:22:106:26": 18,
                "f:106:30:106:31": 5,
                "s:106:37:106:47": 39,
                "f:106:56:106:57": 6,
                "s:106:76:106:85": 40,
                "s:109:17:109:Infinity": 41,
                "b:110:2:118:Infinity:undefined:undefined:undefined:undefined": 19,
                "s:110:2:118:Infinity": 42,
                "s:111:40:115:Infinity": 43,
                "b:116:4:116:Infinity:undefined:undefined:undefined:undefined": 20,
                "s:116:4:116:Infinity": 44,
                "s:116:14:116:Infinity": 45,
                "s:117:4:117:Infinity": 46,
                "b:117:24:117:32:117:32:117:36": 21,
                "f:117:40:117:41": 7,
                "s:117:47:117:77": 47,
                "b:117:61:117:73:117:73:117:75": 22,
                "s:120:64:124:Infinity": 48,
                "s:126:2:135:Infinity": 49,
                "f:138:16:138:Infinity": 8,
                "s:143:38:145:Infinity": 50,
                "s:147:22:147:Infinity": 51,
                "s:149:2:157:Infinity": 52,
                "s:150:16:150:Infinity": 53,
                "b:151:4:151:Infinity:undefined:undefined:undefined:undefined": 23,
                "s:151:4:151:Infinity": 54,
                "s:151:14:151:Infinity": 55,
                "s:153:16:153:Infinity": 56,
                "b:153:29:153:56:153:56:153:Infinity": 24,
                "s:154:18:154:Infinity": 57,
                "s:155:4:155:Infinity": 58,
                "s:156:4:156:Infinity": 59,
                "s:159:21:159:Infinity": 60,
                "f:159:57:159:58": 9,
                "s:159:67:159:74": 61,
                "s:161:19:163:Infinity": 62,
                "f:162:9:162:10": 10,
                "s:162:17:162:83": 63,
                "f:163:10:163:11": 11,
                "s:163:20:163:37": 64,
                "s:165:2:165:Infinity": 65,
                "f:168:22:168:44": 12,
                "b:168:82:168:107": 25,
                "s:169:14:169:Infinity": 66,
                "s:171:14:171:Infinity": 67,
                "s:172:8:172:Infinity": 68,
                "s:174:2:174:Infinity": 69,
                "s:175:2:175:Infinity": 70,
                "s:176:2:176:Infinity": 71,
                "s:178:2:178:Infinity": 72,
                "s:179:2:179:Infinity": 73,
                "b:180:2:185:Infinity:183:9:185:Infinity": 26,
                "s:180:2:185:Infinity": 74,
                "s:181:4:181:Infinity": 75,
                "b:181:24:181:40:181:40:181:45": 27,
                "s:182:4:182:Infinity": 76,
                "s:184:4:184:Infinity": 77,
                "b:184:24:184:40:184:40:184:45": 28,
                "s:187:16:191:Infinity": 78,
                "f:187:75:187:76": 13,
                "s:187:83:191:4": 79,
                "s:193:2:202:Infinity": 80,
                "b:194:29:194:34:194:34:194:Infinity": 29,
                "s:204:11:204:Infinity": 81,
                "s:206:2:206:Infinity": 82,
                "s:207:2:207:50": 83,
                "s:207:50:207:Infinity": 84,
                "s:208:2:208:Infinity": 85,
                "s:210:15:210:Infinity": 86,
                "s:211:2:214:Infinity": 87,
                "f:211:15:211:16": 14,
                "s:212:4:212:Infinity": 88,
                "s:213:4:213:Infinity": 89,
                "s:216:19:216:Infinity": 90,
                "b:216:27:216:43:216:43:216:51": 30,
                "s:217:2:217:Infinity": 91
            }
        }
    }
}