{"D:\\semestre-1-25\\cvp-test-vocacional\\test-vocacional\\src\\domain\\rules\\chaside.ts": {"path":"D:\\semestre-1-25\\cvp-test-vocacional\\test-vocacional\\src\\domain\\rules\\chaside.ts","statementMap":{"0":{"start":{"line":8,"column":46},"end":{"line":16,"column":null}},"1":{"start":{"line":18,"column":42},"end":{"line":26,"column":null}},"2":{"start":{"line":29,"column":2},"end":{"line":29,"column":null}},"3":{"start":{"line":29,"column":13},"end":{"line":29,"column":null}},"4":{"start":{"line":30,"column":12},"end":{"line":30,"column":null}},"5":{"start":{"line":31,"column":2},"end":{"line":31,"column":null}},"6":{"start":{"line":55,"column":26},"end":{"line":59,"column":null}},"7":{"start":{"line":61,"column":2},"end":{"line":63,"column":null}},"8":{"start":{"line":62,"column":4},"end":{"line":62,"column":null}},"9":{"start":{"line":64,"column":2},"end":{"line":64,"column":null}},"10":{"start":{"line":68,"column":18},"end":{"line":68,"column":null}},"11":{"start":{"line":70,"column":26},"end":{"line":74,"column":null}},"12":{"start":{"line":75,"column":15},"end":{"line":75,"column":null}},"13":{"start":{"line":76,"column":27},"end":{"line":80,"column":null}},"14":{"start":{"line":81,"column":13},"end":{"line":81,"column":null}},"15":{"start":{"line":82,"column":78},"end":{"line":91,"column":null}},"16":{"start":{"line":93,"column":39},"end":{"line":97,"column":null}},"17":{"start":{"line":99,"column":2},"end":{"line":99,"column":null}},"18":{"start":{"line":99,"column":12},"end":{"line":99,"column":null}},"19":{"start":{"line":101,"column":18},"end":{"line":101,"column":null}},"20":{"start":{"line":102,"column":19},"end":{"line":102,"column":null}},"21":{"start":{"line":104,"column":2},"end":{"line":111,"column":null}},"22":{"start":{"line":105,"column":17},"end":{"line":105,"column":null}},"23":{"start":{"line":106,"column":19},"end":{"line":106,"column":null}},"24":{"start":{"line":107,"column":4},"end":{"line":107,"column":null}},"25":{"start":{"line":107,"column":15},"end":{"line":107,"column":null}},"26":{"start":{"line":108,"column":4},"end":{"line":108,"column":null}},"27":{"start":{"line":108,"column":54},"end":{"line":108,"column":null}},"28":{"start":{"line":109,"column":4},"end":{"line":109,"column":null}},"29":{"start":{"line":110,"column":4},"end":{"line":110,"column":null}},"30":{"start":{"line":113,"column":39},"end":{"line":119,"column":null}},"31":{"start":{"line":121,"column":2},"end":{"line":121,"column":null}},"32":{"start":{"line":121,"column":12},"end":{"line":121,"column":null}},"33":{"start":{"line":123,"column":8},"end":{"line":127,"column":null}},"34":{"start":{"line":124,"column":14},"end":{"line":124,"column":null}},"35":{"start":{"line":125,"column":4},"end":{"line":125,"column":null}},"36":{"start":{"line":125,"column":32},"end":{"line":125,"column":null}},"37":{"start":{"line":126,"column":4},"end":{"line":126,"column":null}},"38":{"start":{"line":129,"column":21},"end":{"line":131,"column":null}},"39":{"start":{"line":130,"column":37},"end":{"line":130,"column":48}},"40":{"start":{"line":130,"column":77},"end":{"line":130,"column":86}},"41":{"start":{"line":133,"column":17},"end":{"line":133,"column":null}},"42":{"start":{"line":134,"column":2},"end":{"line":142,"column":null}},"43":{"start":{"line":135,"column":43},"end":{"line":139,"column":null}},"44":{"start":{"line":140,"column":4},"end":{"line":140,"column":null}},"45":{"start":{"line":140,"column":14},"end":{"line":140,"column":null}},"46":{"start":{"line":141,"column":4},"end":{"line":141,"column":null}},"47":{"start":{"line":141,"column":50},"end":{"line":141,"column":80}},"48":{"start":{"line":144,"column":58},"end":{"line":149,"column":null}},"49":{"start":{"line":151,"column":2},"end":{"line":160,"column":null}},"50":{"start":{"line":169,"column":25},"end":{"line":170,"column":null}},"51":{"start":{"line":170,"column":5},"end":{"line":170,"column":null}},"52":{"start":{"line":172,"column":28},"end":{"line":175,"column":null}},"53":{"start":{"line":177,"column":17},"end":{"line":177,"column":null}},"54":{"start":{"line":178,"column":17},"end":{"line":178,"column":null}},"55":{"start":{"line":180,"column":2},"end":{"line":192,"column":null}},"56":{"start":{"line":181,"column":17},"end":{"line":181,"column":null}},"57":{"start":{"line":182,"column":18},"end":{"line":182,"column":null}},"58":{"start":{"line":183,"column":4},"end":{"line":183,"column":null}},"59":{"start":{"line":183,"column":25},"end":{"line":183,"column":null}},"60":{"start":{"line":185,"column":4},"end":{"line":185,"column":null}},"61":{"start":{"line":187,"column":16},"end":{"line":187,"column":null}},"62":{"start":{"line":188,"column":4},"end":{"line":191,"column":null}},"63":{"start":{"line":189,"column":6},"end":{"line":189,"column":null}},"64":{"start":{"line":190,"column":6},"end":{"line":190,"column":null}},"65":{"start":{"line":194,"column":26},"end":{"line":194,"column":null}},"66":{"start":{"line":194,"column":87},"end":{"line":194,"column":94}},"67":{"start":{"line":195,"column":26},"end":{"line":195,"column":null}},"68":{"start":{"line":195,"column":87},"end":{"line":195,"column":94}},"69":{"start":{"line":197,"column":40},"end":{"line":197,"column":null}},"70":{"start":{"line":198,"column":3},"end":{"line":200,"column":null}},"71":{"start":{"line":199,"column":4},"end":{"line":199,"column":null}},"72":{"start":{"line":202,"column":20},"end":{"line":205,"column":null}},"73":{"start":{"line":203,"column":5},"end":{"line":205,"column":null}},"74":{"start":{"line":204,"column":19},"end":{"line":204,"column":46}},"75":{"start":{"line":205,"column":22},"end":{"line":205,"column":97}},"76":{"start":{"line":207,"column":18},"end":{"line":211,"column":null}},"77":{"start":{"line":213,"column":2},"end":{"line":213,"column":null}},"78":{"start":{"line":217,"column":16},"end":{"line":217,"column":null}},"79":{"start":{"line":218,"column":107},"end":{"line":218,"column":null}},"80":{"start":{"line":220,"column":14},"end":{"line":220,"column":null}},"81":{"start":{"line":221,"column":8},"end":{"line":221,"column":null}},"82":{"start":{"line":224,"column":10},"end":{"line":224,"column":null}},"83":{"start":{"line":227,"column":36},"end":{"line":227,"column":null}},"84":{"start":{"line":228,"column":2},"end":{"line":228,"column":null}},"85":{"start":{"line":231,"column":2},"end":{"line":231,"column":null}},"86":{"start":{"line":233,"column":24},"end":{"line":233,"column":null}},"87":{"start":{"line":234,"column":15},"end":{"line":234,"column":null}},"88":{"start":{"line":235,"column":8},"end":{"line":235,"column":null}},"89":{"start":{"line":236,"column":2},"end":{"line":248,"column":null}},"90":{"start":{"line":237,"column":16},"end":{"line":237,"column":null}},"91":{"start":{"line":238,"column":16},"end":{"line":238,"column":null}},"92":{"start":{"line":239,"column":15},"end":{"line":239,"column":null}},"93":{"start":{"line":240,"column":15},"end":{"line":240,"column":null}},"94":{"start":{"line":241,"column":4},"end":{"line":241,"column":null}},"95":{"start":{"line":242,"column":4},"end":{"line":242,"column":null}},"96":{"start":{"line":243,"column":4},"end":{"line":243,"column":null}},"97":{"start":{"line":244,"column":4},"end":{"line":244,"column":null}},"98":{"start":{"line":245,"column":4},"end":{"line":245,"column":null}},"99":{"start":{"line":246,"column":4},"end":{"line":246,"column":null}},"100":{"start":{"line":247,"column":4},"end":{"line":247,"column":null}},"101":{"start":{"line":249,"column":2},"end":{"line":249,"column":null}},"102":{"start":{"line":252,"column":2},"end":{"line":252,"column":null}},"103":{"start":{"line":253,"column":22},"end":{"line":253,"column":null}},"104":{"start":{"line":253,"column":54},"end":{"line":253,"column":86}},"105":{"start":{"line":254,"column":22},"end":{"line":254,"column":null}},"106":{"start":{"line":254,"column":54},"end":{"line":254,"column":86}},"107":{"start":{"line":255,"column":21},"end":{"line":255,"column":null}},"108":{"start":{"line":255,"column":57},"end":{"line":255,"column":88}},"109":{"start":{"line":257,"column":2},"end":{"line":267,"column":null}},"110":{"start":{"line":269,"column":2},"end":{"line":269,"column":null}},"111":{"start":{"line":272,"column":52},"end":{"line":272,"column":null}},"112":{"start":{"line":273,"column":2},"end":{"line":273,"column":null}},"113":{"start":{"line":274,"column":21},"end":{"line":274,"column":null}},"114":{"start":{"line":274,"column":48},"end":{"line":274,"column":71}},"115":{"start":{"line":275,"column":2},"end":{"line":279,"column":null}},"116":{"start":{"line":276,"column":25},"end":{"line":276,"column":198}},"117":{"start":{"line":282,"column":2},"end":{"line":282,"column":null}},"118":{"start":{"line":283,"column":2},"end":{"line":283,"column":null}},"119":{"start":{"line":284,"column":2},"end":{"line":284,"column":null}},"120":{"start":{"line":286,"column":14},"end":{"line":287,"column":null}},"121":{"start":{"line":287,"column":4},"end":{"line":287,"column":null}},"122":{"start":{"line":287,"column":34},"end":{"line":287,"column":81}},"123":{"start":{"line":289,"column":15},"end":{"line":293,"column":null}},"124":{"start":{"line":294,"column":2},"end":{"line":304,"column":null}},"125":{"start":{"line":306,"column":2},"end":{"line":306,"column":null}},"126":{"start":{"line":309,"column":17},"end":{"line":309,"column":null}},"127":{"start":{"line":310,"column":17},"end":{"line":310,"column":null}},"128":{"start":{"line":311,"column":20},"end":{"line":313,"column":null}},"129":{"start":{"line":315,"column":2},"end":{"line":315,"column":null}},"130":{"start":{"line":316,"column":2},"end":{"line":316,"column":null}},"131":{"start":{"line":317,"column":2},"end":{"line":317,"column":null}},"132":{"start":{"line":318,"column":2},"end":{"line":318,"column":null}},"133":{"start":{"line":319,"column":2},"end":{"line":319,"column":null}},"134":{"start":{"line":320,"column":2},"end":{"line":320,"column":null}},"135":{"start":{"line":321,"column":2},"end":{"line":321,"column":null}},"136":{"start":{"line":322,"column":2},"end":{"line":322,"column":null}},"137":{"start":{"line":323,"column":2},"end":{"line":323,"column":null}},"138":{"start":{"line":324,"column":2},"end":{"line":324,"column":null}},"139":{"start":{"line":325,"column":2},"end":{"line":325,"column":null}},"140":{"start":{"line":327,"column":2},"end":{"line":327,"column":null}},"141":{"start":{"line":328,"column":2},"end":{"line":328,"column":null}}},"fnMap":{"0":{"name":"isYes","decl":{"start":{"line":28,"column":16},"end":{"line":28,"column":22}},"loc":{"start":{"line":28,"column":64},"end":{"line":32,"column":null}},"line":28},"1":{"name":"getChasidetest_id","decl":{"start":{"line":54,"column":15},"end":{"line":54,"column":52}},"loc":{"start":{"line":54,"column":52},"end":{"line":65,"column":null}},"line":54},"2":{"name":"computeChasideScore","decl":{"start":{"line":67,"column":22},"end":{"line":67,"column":42}},"loc":{"start":{"line":67,"column":114},"end":{"line":161,"column":null}},"line":67},"3":{"name":"(anonymous_3)","decl":{"start":{"line":123,"column":45},"end":{"line":123,"column":50}},"loc":{"start":{"line":123,"column":50},"end":{"line":127,"column":3}},"line":123},"4":{"name":"(anonymous_4)","decl":{"start":{"line":130,"column":30},"end":{"line":130,"column":31}},"loc":{"start":{"line":130,"column":37},"end":{"line":130,"column":48}},"line":130},"5":{"name":"(anonymous_5)","decl":{"start":{"line":130,"column":57},"end":{"line":130,"column":58}},"loc":{"start":{"line":130,"column":77},"end":{"line":130,"column":86}},"line":130},"6":{"name":"(anonymous_6)","decl":{"start":{"line":141,"column":43},"end":{"line":141,"column":44}},"loc":{"start":{"line":141,"column":50},"end":{"line":141,"column":80}},"line":141},"7":{"name":"calculateChasideResultSummary","decl":{"start":{"line":163,"column":16},"end":{"line":163,"column":null}},"loc":{"start":{"line":168,"column":2},"end":{"line":214,"column":null}},"line":168},"8":{"name":"(anonymous_8)","decl":{"start":{"line":169,"column":25},"end":{"line":169,"column":null}},"loc":{"start":{"line":170,"column":5},"end":{"line":170,"column":null}},"line":170},"9":{"name":"(anonymous_9)","decl":{"start":{"line":194,"column":77},"end":{"line":194,"column":78}},"loc":{"start":{"line":194,"column":87},"end":{"line":194,"column":94}},"line":194},"10":{"name":"(anonymous_10)","decl":{"start":{"line":195,"column":77},"end":{"line":195,"column":78}},"loc":{"start":{"line":195,"column":87},"end":{"line":195,"column":94}},"line":195},"11":{"name":"(anonymous_11)","decl":{"start":{"line":198,"column":43},"end":{"line":198,"column":44}},"loc":{"start":{"line":198,"column":50},"end":{"line":200,"column":3}},"line":198},"12":{"name":"(anonymous_12)","decl":{"start":{"line":202,"column":20},"end":{"line":202,"column":21}},"loc":{"start":{"line":203,"column":5},"end":{"line":205,"column":null}},"line":203},"13":{"name":"(anonymous_13)","decl":{"start":{"line":204,"column":11},"end":{"line":204,"column":12}},"loc":{"start":{"line":204,"column":19},"end":{"line":204,"column":46}},"line":204},"14":{"name":"(anonymous_14)","decl":{"start":{"line":205,"column":12},"end":{"line":205,"column":13}},"loc":{"start":{"line":205,"column":22},"end":{"line":205,"column":97}},"line":205},"15":{"name":"downloadChasideReportPDF","decl":{"start":{"line":216,"column":22},"end":{"line":216,"column":47}},"loc":{"start":{"line":216,"column":111},"end":{"line":329,"column":null}},"line":216},"16":{"name":"(anonymous_16)","decl":{"start":{"line":236,"column":16},"end":{"line":236,"column":17}},"loc":{"start":{"line":236,"column":26},"end":{"line":248,"column":3}},"line":236},"17":{"name":"(anonymous_17)","decl":{"start":{"line":253,"column":47},"end":{"line":253,"column":48}},"loc":{"start":{"line":253,"column":54},"end":{"line":253,"column":86}},"line":253},"18":{"name":"(anonymous_18)","decl":{"start":{"line":254,"column":47},"end":{"line":254,"column":48}},"loc":{"start":{"line":254,"column":54},"end":{"line":254,"column":86}},"line":254},"19":{"name":"(anonymous_19)","decl":{"start":{"line":255,"column":50},"end":{"line":255,"column":51}},"loc":{"start":{"line":255,"column":57},"end":{"line":255,"column":88}},"line":255},"20":{"name":"(anonymous_20)","decl":{"start":{"line":274,"column":43},"end":{"line":274,"column":48}},"loc":{"start":{"line":274,"column":48},"end":{"line":274,"column":71}},"line":274},"21":{"name":"(anonymous_21)","decl":{"start":{"line":276,"column":14},"end":{"line":276,"column":15}},"loc":{"start":{"line":276,"column":25},"end":{"line":276,"column":198}},"line":276},"22":{"name":"(anonymous_22)","decl":{"start":{"line":286,"column":14},"end":{"line":286,"column":15}},"loc":{"start":{"line":287,"column":4},"end":{"line":287,"column":null}},"line":287},"23":{"name":"(anonymous_23)","decl":{"start":{"line":287,"column":24},"end":{"line":287,"column":25}},"loc":{"start":{"line":287,"column":34},"end":{"line":287,"column":81}},"line":287}},"branchMap":{"0":{"loc":{"start":{"line":29,"column":2},"end":{"line":29,"column":null}},"type":"if","locations":[{"start":{"line":29,"column":2},"end":{"line":29,"column":null}},{"start":{},"end":{}}],"line":29},"1":{"loc":{"start":{"line":31,"column":9},"end":{"line":31,"column":null}},"type":"binary-expr","locations":[{"start":{"line":31,"column":9},"end":{"line":31,"column":23}},{"start":{"line":31,"column":23},"end":{"line":31,"column":null}}],"line":31},"2":{"loc":{"start":{"line":61,"column":2},"end":{"line":63,"column":null}},"type":"if","locations":[{"start":{"line":61,"column":2},"end":{"line":63,"column":null}},{"start":{},"end":{}}],"line":61},"3":{"loc":{"start":{"line":61,"column":6},"end":{"line":61,"column":22}},"type":"binary-expr","locations":[{"start":{"line":61,"column":6},"end":{"line":61,"column":15}},{"start":{"line":61,"column":15},"end":{"line":61,"column":22}}],"line":61},"4":{"loc":{"start":{"line":67,"column":61},"end":{"line":67,"column":114}},"type":"default-arg","locations":[{"start":{"line":67,"column":81},"end":{"line":67,"column":114}}],"line":67},"5":{"loc":{"start":{"line":83,"column":10},"end":{"line":83,"column":null}},"type":"binary-expr","locations":[{"start":{"line":83,"column":10},"end":{"line":83,"column":24}},{"start":{"line":83,"column":24},"end":{"line":83,"column":null}}],"line":83},"6":{"loc":{"start":{"line":84,"column":21},"end":{"line":84,"column":null}},"type":"binary-expr","locations":[{"start":{"line":84,"column":21},"end":{"line":84,"column":46}},{"start":{"line":84,"column":46},"end":{"line":84,"column":null}}],"line":84},"7":{"loc":{"start":{"line":85,"column":22},"end":{"line":85,"column":null}},"type":"binary-expr","locations":[{"start":{"line":85,"column":22},"end":{"line":85,"column":48}},{"start":{"line":85,"column":48},"end":{"line":85,"column":null}}],"line":85},"8":{"loc":{"start":{"line":86,"column":12},"end":{"line":86,"column":null}},"type":"binary-expr","locations":[{"start":{"line":86,"column":12},"end":{"line":86,"column":26}},{"start":{"line":86,"column":26},"end":{"line":86,"column":null}}],"line":86},"9":{"loc":{"start":{"line":87,"column":11},"end":{"line":87,"column":null}},"type":"binary-expr","locations":[{"start":{"line":87,"column":11},"end":{"line":87,"column":24}},{"start":{"line":87,"column":24},"end":{"line":87,"column":null}}],"line":87},"10":{"loc":{"start":{"line":88,"column":14},"end":{"line":88,"column":null}},"type":"binary-expr","locations":[{"start":{"line":88,"column":14},"end":{"line":88,"column":30}},{"start":{"line":88,"column":30},"end":{"line":88,"column":null}}],"line":88},"11":{"loc":{"start":{"line":89,"column":16},"end":{"line":89,"column":null}},"type":"binary-expr","locations":[{"start":{"line":89,"column":16},"end":{"line":89,"column":34}},{"start":{"line":89,"column":34},"end":{"line":89,"column":null}}],"line":89},"12":{"loc":{"start":{"line":90,"column":12},"end":{"line":90,"column":null}},"type":"binary-expr","locations":[{"start":{"line":90,"column":12},"end":{"line":90,"column":26}},{"start":{"line":90,"column":26},"end":{"line":90,"column":null}}],"line":90},"13":{"loc":{"start":{"line":99,"column":2},"end":{"line":99,"column":null}},"type":"if","locations":[{"start":{"line":99,"column":2},"end":{"line":99,"column":null}},{"start":{},"end":{}}],"line":99},"14":{"loc":{"start":{"line":104,"column":18},"end":{"line":104,"column":31}},"type":"binary-expr","locations":[{"start":{"line":104,"column":18},"end":{"line":104,"column":27}},{"start":{"line":104,"column":27},"end":{"line":104,"column":31}}],"line":104},"15":{"loc":{"start":{"line":107,"column":4},"end":{"line":107,"column":null}},"type":"if","locations":[{"start":{"line":107,"column":4},"end":{"line":107,"column":null}},{"start":{},"end":{}}],"line":107},"16":{"loc":{"start":{"line":108,"column":4},"end":{"line":108,"column":null}},"type":"if","locations":[{"start":{"line":108,"column":4},"end":{"line":108,"column":null}},{"start":{},"end":{}}],"line":108},"17":{"loc":{"start":{"line":108,"column":8},"end":{"line":108,"column":54}},"type":"binary-expr","locations":[{"start":{"line":108,"column":8},"end":{"line":108,"column":32}},{"start":{"line":108,"column":32},"end":{"line":108,"column":54}}],"line":108},"18":{"loc":{"start":{"line":121,"column":2},"end":{"line":121,"column":null}},"type":"if","locations":[{"start":{"line":121,"column":2},"end":{"line":121,"column":null}},{"start":{},"end":{}}],"line":121},"19":{"loc":{"start":{"line":123,"column":25},"end":{"line":123,"column":38}},"type":"binary-expr","locations":[{"start":{"line":123,"column":25},"end":{"line":123,"column":34}},{"start":{"line":123,"column":34},"end":{"line":123,"column":38}}],"line":123},"20":{"loc":{"start":{"line":124,"column":14},"end":{"line":124,"column":null}},"type":"binary-expr","locations":[{"start":{"line":124,"column":14},"end":{"line":124,"column":27}},{"start":{"line":124,"column":27},"end":{"line":124,"column":null}}],"line":124},"21":{"loc":{"start":{"line":125,"column":4},"end":{"line":125,"column":null}},"type":"if","locations":[{"start":{"line":125,"column":4},"end":{"line":125,"column":null}},{"start":{},"end":{}}],"line":125},"22":{"loc":{"start":{"line":130,"column":13},"end":{"line":130,"column":26}},"type":"binary-expr","locations":[{"start":{"line":130,"column":13},"end":{"line":130,"column":22}},{"start":{"line":130,"column":22},"end":{"line":130,"column":26}}],"line":130},"23":{"loc":{"start":{"line":134,"column":2},"end":{"line":142,"column":null}},"type":"if","locations":[{"start":{"line":134,"column":2},"end":{"line":142,"column":null}},{"start":{},"end":{}}],"line":134},"24":{"loc":{"start":{"line":140,"column":4},"end":{"line":140,"column":null}},"type":"if","locations":[{"start":{"line":140,"column":4},"end":{"line":140,"column":null}},{"start":{},"end":{}}],"line":140},"25":{"loc":{"start":{"line":141,"column":24},"end":{"line":141,"column":39}},"type":"binary-expr","locations":[{"start":{"line":141,"column":24},"end":{"line":141,"column":35}},{"start":{"line":141,"column":35},"end":{"line":141,"column":39}}],"line":141},"26":{"loc":{"start":{"line":141,"column":64},"end":{"line":141,"column":78}},"type":"binary-expr","locations":[{"start":{"line":141,"column":64},"end":{"line":141,"column":76}},{"start":{"line":141,"column":76},"end":{"line":141,"column":78}}],"line":141},"27":{"loc":{"start":{"line":183,"column":4},"end":{"line":183,"column":null}},"type":"if","locations":[{"start":{"line":183,"column":4},"end":{"line":183,"column":null}},{"start":{},"end":{}}],"line":183},"28":{"loc":{"start":{"line":183,"column":8},"end":{"line":183,"column":25}},"type":"binary-expr","locations":[{"start":{"line":183,"column":8},"end":{"line":183,"column":17}},{"start":{"line":183,"column":17},"end":{"line":183,"column":25}}],"line":183},"29":{"loc":{"start":{"line":187,"column":16},"end":{"line":187,"column":null}},"type":"cond-expr","locations":[{"start":{"line":187,"column":30},"end":{"line":187,"column":58}},{"start":{"line":187,"column":58},"end":{"line":187,"column":null}}],"line":187},"30":{"loc":{"start":{"line":188,"column":4},"end":{"line":191,"column":null}},"type":"if","locations":[{"start":{"line":188,"column":4},"end":{"line":191,"column":null}},{"start":{},"end":{}}],"line":188},"31":{"loc":{"start":{"line":205,"column":22},"end":{"line":205,"column":97}},"type":"binary-expr","locations":[{"start":{"line":205,"column":22},"end":{"line":205,"column":43}},{"start":{"line":205,"column":43},"end":{"line":205,"column":97}}],"line":205},"32":{"loc":{"start":{"line":216,"column":66},"end":{"line":216,"column":111}},"type":"default-arg","locations":[{"start":{"line":216,"column":86},"end":{"line":216,"column":111}}],"line":216},"33":{"loc":{"start":{"line":286,"column":58},"end":{"line":286,"column":null}},"type":"default-arg","locations":[{"start":{"line":286,"column":62},"end":{"line":286,"column":null}}],"line":286},"34":{"loc":{"start":{"line":311,"column":20},"end":{"line":313,"column":null}},"type":"cond-expr","locations":[{"start":{"line":312,"column":6},"end":{"line":312,"column":null}},{"start":{"line":313,"column":6},"end":{"line":313,"column":null}}],"line":311},"35":{"loc":{"start":{"line":311,"column":20},"end":{"line":311,"column":null}},"type":"binary-expr","locations":[{"start":{"line":311,"column":20},"end":{"line":311,"column":30}},{"start":{"line":311,"column":30},"end":{"line":311,"column":null}}],"line":311},"36":{"loc":{"start":{"line":328,"column":22},"end":{"line":328,"column":52}},"type":"binary-expr","locations":[{"start":{"line":328,"column":22},"end":{"line":328,"column":43}},{"start":{"line":328,"column":43},"end":{"line":328,"column":52}}],"line":328}},"s":{"0":1,"1":1,"2":21,"3":1,"4":20,"5":20,"6":2,"7":2,"8":0,"9":2,"10":2,"11":2,"12":2,"13":2,"14":2,"15":2,"16":2,"17":2,"18":0,"19":2,"20":2,"21":2,"22":0,"23":0,"24":0,"25":0,"26":0,"27":0,"28":0,"29":0,"30":2,"31":2,"32":0,"33":2,"34":0,"35":0,"36":0,"37":0,"38":2,"39":0,"40":0,"41":2,"42":2,"43":0,"44":0,"45":0,"46":0,"47":0,"48":2,"49":2,"50":5,"51":15,"52":5,"53":5,"54":5,"55":5,"56":9,"57":9,"58":9,"59":0,"60":9,"61":9,"62":9,"63":3,"64":3,"65":5,"66":35,"67":5,"68":35,"69":5,"70":5,"71":35,"72":5,"73":15,"74":105,"75":195,"76":5,"77":5,"78":1,"79":1,"80":1,"81":1,"82":1,"83":1,"84":1,"85":1,"86":1,"87":1,"88":1,"89":1,"90":7,"91":7,"92":7,"93":7,"94":7,"95":7,"96":7,"97":7,"98":7,"99":7,"100":7,"101":1,"102":1,"103":1,"104":7,"105":1,"106":7,"107":1,"108":7,"109":1,"110":1,"111":1,"112":1,"113":1,"114":7,"115":1,"116":7,"117":1,"118":1,"119":1,"120":1,"121":3,"122":9,"123":1,"124":1,"125":1,"126":1,"127":1,"128":1,"129":1,"130":1,"131":1,"132":1,"133":1,"134":1,"135":1,"136":1,"137":1,"138":1,"139":1,"140":1,"141":1},"f":{"0":21,"1":2,"2":2,"3":0,"4":0,"5":0,"6":0,"7":5,"8":15,"9":35,"10":35,"11":35,"12":15,"13":105,"14":195,"15":1,"16":7,"17":7,"18":7,"19":7,"20":7,"21":7,"22":3,"23":9},"b":{"0":[1,20],"1":[20,14],"2":[0,2],"3":[2,2],"4":[2],"5":[2,2],"6":[2,2],"7":[2,2],"8":[2,2],"9":[2,2],"10":[2,2],"11":[2,2],"12":[2,2],"13":[0,2],"14":[2,0],"15":[0,0],"16":[0,0],"17":[0,0],"18":[0,2],"19":[2,0],"20":[0,0],"21":[0,0],"22":[2,0],"23":[0,2],"24":[0,0],"25":[0,0],"26":[0,0],"27":[0,9],"28":[9,9],"29":[9,0],"30":[3,6],"31":[195,183],"32":[1],"33":[3],"34":[1,0],"35":[1,1],"36":[1,1]},"meta":{"lastBranch":37,"lastFunction":24,"lastStatement":142,"seen":{"s:8:46:16:Infinity":0,"s:18:42:26:Infinity":1,"f:28:16:28:22":0,"b:29:2:29:Infinity:undefined:undefined:undefined:undefined":0,"s:29:2:29:Infinity":2,"s:29:13:29:Infinity":3,"s:30:12:30:Infinity":4,"s:31:2:31:Infinity":5,"b:31:9:31:23:31:23:31:Infinity":1,"f:54:15:54:52":1,"s:55:26:59:Infinity":6,"b:61:2:63:Infinity:undefined:undefined:undefined:undefined":2,"s:61:2:63:Infinity":7,"b:61:6:61:15:61:15:61:22":3,"s:62:4:62:Infinity":8,"s:64:2:64:Infinity":9,"f:67:22:67:42":2,"b:67:81:67:114":4,"s:68:18:68:Infinity":10,"s:70:26:74:Infinity":11,"s:75:15:75:Infinity":12,"s:76:27:80:Infinity":13,"s:81:13:81:Infinity":14,"s:82:78:91:Infinity":15,"b:83:10:83:24:83:24:83:Infinity":5,"b:84:21:84:46:84:46:84:Infinity":6,"b:85:22:85:48:85:48:85:Infinity":7,"b:86:12:86:26:86:26:86:Infinity":8,"b:87:11:87:24:87:24:87:Infinity":9,"b:88:14:88:30:88:30:88:Infinity":10,"b:89:16:89:34:89:34:89:Infinity":11,"b:90:12:90:26:90:26:90:Infinity":12,"s:93:39:97:Infinity":16,"b:99:2:99:Infinity:undefined:undefined:undefined:undefined":13,"s:99:2:99:Infinity":17,"s:99:12:99:Infinity":18,"s:101:18:101:Infinity":19,"s:102:19:102:Infinity":20,"s:104:2:111:Infinity":21,"b:104:18:104:27:104:27:104:31":14,"s:105:17:105:Infinity":22,"s:106:19:106:Infinity":23,"b:107:4:107:Infinity:undefined:undefined:undefined:undefined":15,"s:107:4:107:Infinity":24,"s:107:15:107:Infinity":25,"b:108:4:108:Infinity:undefined:undefined:undefined:undefined":16,"s:108:4:108:Infinity":26,"b:108:8:108:32:108:32:108:54":17,"s:108:54:108:Infinity":27,"s:109:4:109:Infinity":28,"s:110:4:110:Infinity":29,"s:113:39:119:Infinity":30,"b:121:2:121:Infinity:undefined:undefined:undefined:undefined":18,"s:121:2:121:Infinity":31,"s:121:12:121:Infinity":32,"s:123:8:127:Infinity":33,"b:123:25:123:34:123:34:123:38":19,"f:123:45:123:50":3,"s:124:14:124:Infinity":34,"b:124:14:124:27:124:27:124:Infinity":20,"b:125:4:125:Infinity:undefined:undefined:undefined:undefined":21,"s:125:4:125:Infinity":35,"s:125:32:125:Infinity":36,"s:126:4:126:Infinity":37,"s:129:21:131:Infinity":38,"b:130:13:130:22:130:22:130:26":22,"f:130:30:130:31":4,"s:130:37:130:48":39,"f:130:57:130:58":5,"s:130:77:130:86":40,"s:133:17:133:Infinity":41,"b:134:2:142:Infinity:undefined:undefined:undefined:undefined":23,"s:134:2:142:Infinity":42,"s:135:43:139:Infinity":43,"b:140:4:140:Infinity:undefined:undefined:undefined:undefined":24,"s:140:4:140:Infinity":44,"s:140:14:140:Infinity":45,"s:141:4:141:Infinity":46,"b:141:24:141:35:141:35:141:39":25,"f:141:43:141:44":6,"s:141:50:141:80":47,"b:141:64:141:76:141:76:141:78":26,"s:144:58:149:Infinity":48,"s:151:2:160:Infinity":49,"f:163:16:163:Infinity":7,"s:169:25:170:Infinity":50,"f:169:25:169:Infinity":8,"s:170:5:170:Infinity":51,"s:172:28:175:Infinity":52,"s:177:17:177:Infinity":53,"s:178:17:178:Infinity":54,"s:180:2:192:Infinity":55,"s:181:17:181:Infinity":56,"s:182:18:182:Infinity":57,"b:183:4:183:Infinity:undefined:undefined:undefined:undefined":27,"s:183:4:183:Infinity":58,"b:183:8:183:17:183:17:183:25":28,"s:183:25:183:Infinity":59,"s:185:4:185:Infinity":60,"s:187:16:187:Infinity":61,"b:187:30:187:58:187:58:187:Infinity":29,"b:188:4:191:Infinity:undefined:undefined:undefined:undefined":30,"s:188:4:191:Infinity":62,"s:189:6:189:Infinity":63,"s:190:6:190:Infinity":64,"s:194:26:194:Infinity":65,"f:194:77:194:78":9,"s:194:87:194:94":66,"s:195:26:195:Infinity":67,"f:195:77:195:78":10,"s:195:87:195:94":68,"s:197:40:197:Infinity":69,"s:198:3:200:Infinity":70,"f:198:43:198:44":11,"s:199:4:199:Infinity":71,"s:202:20:205:Infinity":72,"f:202:20:202:21":12,"s:203:5:205:Infinity":73,"f:204:11:204:12":13,"s:204:19:204:46":74,"f:205:12:205:13":14,"s:205:22:205:97":75,"b:205:22:205:43:205:43:205:97":31,"s:207:18:211:Infinity":76,"s:213:2:213:Infinity":77,"f:216:22:216:47":15,"b:216:86:216:111":32,"s:217:16:217:Infinity":78,"s:218:107:218:Infinity":79,"s:220:14:220:Infinity":80,"s:221:8:221:Infinity":81,"s:224:10:224:Infinity":82,"s:227:36:227:Infinity":83,"s:228:2:228:Infinity":84,"s:231:2:231:Infinity":85,"s:233:24:233:Infinity":86,"s:234:15:234:Infinity":87,"s:235:8:235:Infinity":88,"s:236:2:248:Infinity":89,"f:236:16:236:17":16,"s:237:16:237:Infinity":90,"s:238:16:238:Infinity":91,"s:239:15:239:Infinity":92,"s:240:15:240:Infinity":93,"s:241:4:241:Infinity":94,"s:242:4:242:Infinity":95,"s:243:4:243:Infinity":96,"s:244:4:244:Infinity":97,"s:245:4:245:Infinity":98,"s:246:4:246:Infinity":99,"s:247:4:247:Infinity":100,"s:249:2:249:Infinity":101,"s:252:2:252:Infinity":102,"s:253:22:253:Infinity":103,"f:253:47:253:48":17,"s:253:54:253:86":104,"s:254:22:254:Infinity":105,"f:254:47:254:48":18,"s:254:54:254:86":106,"s:255:21:255:Infinity":107,"f:255:50:255:51":19,"s:255:57:255:88":108,"s:257:2:267:Infinity":109,"s:269:2:269:Infinity":110,"s:272:52:272:Infinity":111,"s:273:2:273:Infinity":112,"s:274:21:274:Infinity":113,"f:274:43:274:48":20,"s:274:48:274:71":114,"s:275:2:279:Infinity":115,"f:276:14:276:15":21,"s:276:25:276:198":116,"s:282:2:282:Infinity":117,"s:283:2:283:Infinity":118,"s:284:2:284:Infinity":119,"s:286:14:287:Infinity":120,"f:286:14:286:15":22,"s:287:4:287:Infinity":121,"b:286:62:286:Infinity":33,"f:287:24:287:25":23,"s:287:34:287:81":122,"s:289:15:293:Infinity":123,"s:294:2:304:Infinity":124,"s:306:2:306:Infinity":125,"s:309:17:309:Infinity":126,"s:310:17:310:Infinity":127,"s:311:20:313:Infinity":128,"b:312:6:312:Infinity:313:6:313:Infinity":34,"b:311:20:311:30:311:30:311:Infinity":35,"s:315:2:315:Infinity":129,"s:316:2:316:Infinity":130,"s:317:2:317:Infinity":131,"s:318:2:318:Infinity":132,"s:319:2:319:Infinity":133,"s:320:2:320:Infinity":134,"s:321:2:321:Infinity":135,"s:322:2:322:Infinity":136,"s:323:2:323:Infinity":137,"s:324:2:324:Infinity":138,"s:325:2:325:Infinity":139,"s:327:2:327:Infinity":140,"s:328:2:328:Infinity":141,"b:328:22:328:43:328:43:328:52":36}}}
,"D:\\semestre-1-25\\cvp-test-vocacional\\test-vocacional\\src\\domain\\rules\\dat.ts": {"path":"D:\\semestre-1-25\\cvp-test-vocacional\\test-vocacional\\src\\domain\\rules\\dat.ts","statementMap":{"0":{"start":{"line":13,"column":51},"end":{"line":20,"column":null}},"1":{"start":{"line":31,"column":28},"end":{"line":35,"column":null}},"2":{"start":{"line":37,"column":4},"end":{"line":39,"column":null}},"3":{"start":{"line":38,"column":8},"end":{"line":38,"column":null}},"4":{"start":{"line":40,"column":4},"end":{"line":40,"column":null}},"5":{"start":{"line":44,"column":20},"end":{"line":44,"column":null}},"6":{"start":{"line":46,"column":28},"end":{"line":50,"column":null}},"7":{"start":{"line":51,"column":17},"end":{"line":51,"column":null}},"8":{"start":{"line":52,"column":29},"end":{"line":56,"column":null}},"9":{"start":{"line":57,"column":15},"end":{"line":57,"column":null}},"10":{"start":{"line":58,"column":80},"end":{"line":67,"column":null}},"11":{"start":{"line":69,"column":41},"end":{"line":73,"column":null}},"12":{"start":{"line":74,"column":4},"end":{"line":74,"column":null}},"13":{"start":{"line":74,"column":14},"end":{"line":74,"column":null}},"14":{"start":{"line":76,"column":20},"end":{"line":76,"column":null}},"15":{"start":{"line":77,"column":51},"end":{"line":77,"column":null}},"16":{"start":{"line":79,"column":4},"end":{"line":85,"column":null}},"17":{"start":{"line":80,"column":21},"end":{"line":80,"column":null}},"18":{"start":{"line":81,"column":8},"end":{"line":84,"column":null}},"19":{"start":{"line":82,"column":12},"end":{"line":82,"column":null}},"20":{"start":{"line":83,"column":12},"end":{"line":83,"column":null}},"21":{"start":{"line":87,"column":41},"end":{"line":92,"column":null}},"22":{"start":{"line":93,"column":4},"end":{"line":93,"column":null}},"23":{"start":{"line":93,"column":14},"end":{"line":93,"column":null}},"24":{"start":{"line":95,"column":10},"end":{"line":99,"column":null}},"25":{"start":{"line":96,"column":18},"end":{"line":96,"column":null}},"26":{"start":{"line":97,"column":8},"end":{"line":97,"column":null}},"27":{"start":{"line":97,"column":36},"end":{"line":97,"column":null}},"28":{"start":{"line":98,"column":8},"end":{"line":98,"column":null}},"29":{"start":{"line":101,"column":10},"end":{"line":101,"column":null}},"30":{"start":{"line":101,"column":54},"end":{"line":101,"column":65}},"31":{"start":{"line":101,"column":96},"end":{"line":101,"column":114}},"32":{"start":{"line":102,"column":21},"end":{"line":102,"column":null}},"33":{"start":{"line":104,"column":4},"end":{"line":115,"column":null}},"34":{"start":{"line":105,"column":45},"end":{"line":110,"column":null}},"35":{"start":{"line":112,"column":8},"end":{"line":114,"column":null}},"36":{"start":{"line":113,"column":12},"end":{"line":113,"column":null}},"37":{"start":{"line":113,"column":48},"end":{"line":113,"column":52}},"38":{"start":{"line":117,"column":54},"end":{"line":122,"column":null}},"39":{"start":{"line":124,"column":4},"end":{"line":130,"column":null}},"40":{"start":{"line":139,"column":90},"end":{"line":146,"column":null}},"41":{"start":{"line":148,"column":25},"end":{"line":148,"column":null}},"42":{"start":{"line":149,"column":24},"end":{"line":149,"column":null}},"43":{"start":{"line":151,"column":4},"end":{"line":161,"column":null}},"44":{"start":{"line":152,"column":21},"end":{"line":152,"column":null}},"45":{"start":{"line":153,"column":8},"end":{"line":160,"column":null}},"46":{"start":{"line":154,"column":12},"end":{"line":154,"column":null}},"47":{"start":{"line":155,"column":12},"end":{"line":155,"column":null}},"48":{"start":{"line":156,"column":12},"end":{"line":159,"column":null}},"49":{"start":{"line":157,"column":16},"end":{"line":157,"column":null}},"50":{"start":{"line":158,"column":16},"end":{"line":158,"column":null}},"51":{"start":{"line":163,"column":4},"end":{"line":163,"column":null}},"52":{"start":{"line":167,"column":20},"end":{"line":167,"column":null}},"53":{"start":{"line":169,"column":28},"end":{"line":173,"column":null}},"54":{"start":{"line":175,"column":20},"end":{"line":175,"column":null}},"55":{"start":{"line":176,"column":4},"end":{"line":178,"column":null}},"56":{"start":{"line":177,"column":8},"end":{"line":177,"column":null}},"57":{"start":{"line":177,"column":24},"end":{"line":177,"column":null}},"58":{"start":{"line":180,"column":28},"end":{"line":185,"column":null}},"59":{"start":{"line":187,"column":10},"end":{"line":191,"column":null}},"60":{"start":{"line":188,"column":18},"end":{"line":188,"column":null}},"61":{"start":{"line":189,"column":8},"end":{"line":189,"column":null}},"62":{"start":{"line":189,"column":36},"end":{"line":189,"column":null}},"63":{"start":{"line":190,"column":8},"end":{"line":190,"column":null}},"64":{"start":{"line":193,"column":27},"end":{"line":193,"column":null}},"65":{"start":{"line":194,"column":4},"end":{"line":197,"column":null}},"66":{"start":{"line":195,"column":21},"end":{"line":195,"column":null}},"67":{"start":{"line":196,"column":8},"end":{"line":196,"column":null}},"68":{"start":{"line":196,"column":18},"end":{"line":196,"column":null}},"69":{"start":{"line":199,"column":4},"end":{"line":199,"column":null}},"70":{"start":{"line":203,"column":16},"end":{"line":203,"column":null}},"71":{"start":{"line":204,"column":109},"end":{"line":204,"column":null}},"72":{"start":{"line":206,"column":16},"end":{"line":206,"column":null}},"73":{"start":{"line":207,"column":10},"end":{"line":207,"column":null}},"74":{"start":{"line":210,"column":12},"end":{"line":210,"column":null}},"75":{"start":{"line":213,"column":38},"end":{"line":213,"column":null}},"76":{"start":{"line":214,"column":4},"end":{"line":214,"column":null}},"77":{"start":{"line":217,"column":4},"end":{"line":217,"column":null}},"78":{"start":{"line":219,"column":23},"end":{"line":219,"column":null}},"79":{"start":{"line":220,"column":22},"end":{"line":230,"column":null}},"80":{"start":{"line":221,"column":28},"end":{"line":221,"column":null}},"81":{"start":{"line":222,"column":22},"end":{"line":222,"column":null}},"82":{"start":{"line":223,"column":23},"end":{"line":225,"column":null}},"83":{"start":{"line":226,"column":20},"end":{"line":228,"column":null}},"84":{"start":{"line":229,"column":8},"end":{"line":229,"column":null}},"85":{"start":{"line":232,"column":4},"end":{"line":246,"column":null}},"86":{"start":{"line":248,"column":4},"end":{"line":248,"column":null}},"87":{"start":{"line":251,"column":4},"end":{"line":251,"column":null}},"88":{"start":{"line":253,"column":27},"end":{"line":253,"column":null}},"89":{"start":{"line":253,"column":50},"end":{"line":253,"column":76}},"90":{"start":{"line":254,"column":24},"end":{"line":257,"column":null}},"91":{"start":{"line":258,"column":4},"end":{"line":268,"column":null}},"92":{"start":{"line":270,"column":4},"end":{"line":270,"column":null}},"93":{"start":{"line":273,"column":54},"end":{"line":273,"column":null}},"94":{"start":{"line":274,"column":4},"end":{"line":274,"column":null}},"95":{"start":{"line":275,"column":4},"end":{"line":275,"column":null}},"96":{"start":{"line":277,"column":4},"end":{"line":277,"column":null}},"97":{"start":{"line":279,"column":21},"end":{"line":279,"column":null}},"98":{"start":{"line":279,"column":53},"end":{"line":279,"column":72}},"99":{"start":{"line":281,"column":23},"end":{"line":291,"column":null}},"100":{"start":{"line":282,"column":28},"end":{"line":282,"column":null}},"101":{"start":{"line":283,"column":24},"end":{"line":283,"column":null}},"102":{"start":{"line":284,"column":22},"end":{"line":284,"column":null}},"103":{"start":{"line":285,"column":8},"end":{"line":290,"column":null}},"104":{"start":{"line":293,"column":4},"end":{"line":297,"column":null}},"105":{"start":{"line":299,"column":4},"end":{"line":299,"column":null}},"106":{"start":{"line":300,"column":21},"end":{"line":300,"column":null}},"107":{"start":{"line":301,"column":4},"end":{"line":301,"column":null}}},"fnMap":{"0":{"name":"getDattest_id","decl":{"start":{"line":30,"column":22},"end":{"line":30,"column":55}},"loc":{"start":{"line":30,"column":55},"end":{"line":41,"column":null}},"line":30},"1":{"name":"computeDatScore","decl":{"start":{"line":43,"column":22},"end":{"line":43,"column":38}},"loc":{"start":{"line":43,"column":107},"end":{"line":131,"column":null}},"line":43},"2":{"name":"(anonymous_2)","decl":{"start":{"line":79,"column":26},"end":{"line":79,"column":31}},"loc":{"start":{"line":79,"column":31},"end":{"line":85,"column":5}},"line":79},"3":{"name":"(anonymous_3)","decl":{"start":{"line":95,"column":47},"end":{"line":95,"column":52}},"loc":{"start":{"line":95,"column":52},"end":{"line":99,"column":5}},"line":95},"4":{"name":"(anonymous_4)","decl":{"start":{"line":101,"column":49},"end":{"line":101,"column":54}},"loc":{"start":{"line":101,"column":54},"end":{"line":101,"column":65}},"line":101},"5":{"name":"(anonymous_5)","decl":{"start":{"line":101,"column":90},"end":{"line":101,"column":96}},"loc":{"start":{"line":101,"column":96},"end":{"line":101,"column":114}},"line":101},"6":{"name":"(anonymous_6)","decl":{"start":{"line":113,"column":43},"end":{"line":113,"column":48}},"loc":{"start":{"line":113,"column":48},"end":{"line":113,"column":52}},"line":113},"7":{"name":"calculateDatResultSummary","decl":{"start":{"line":133,"column":16},"end":{"line":133,"column":null}},"loc":{"start":{"line":138,"column":2},"end":{"line":164,"column":null}},"line":138},"8":{"name":"(anonymous_8)","decl":{"start":{"line":151,"column":26},"end":{"line":151,"column":31}},"loc":{"start":{"line":151,"column":31},"end":{"line":161,"column":5}},"line":151},"9":{"name":"getCompletedDatCategories","decl":{"start":{"line":166,"column":22},"end":{"line":166,"column":48}},"loc":{"start":{"line":166,"column":117},"end":{"line":200,"column":null}},"line":166},"10":{"name":"(anonymous_10)","decl":{"start":{"line":176,"column":26},"end":{"line":176,"column":31}},"loc":{"start":{"line":176,"column":31},"end":{"line":178,"column":5}},"line":176},"11":{"name":"(anonymous_11)","decl":{"start":{"line":187,"column":47},"end":{"line":187,"column":52}},"loc":{"start":{"line":187,"column":52},"end":{"line":191,"column":5}},"line":187},"12":{"name":"(anonymous_12)","decl":{"start":{"line":194,"column":26},"end":{"line":194,"column":31}},"loc":{"start":{"line":194,"column":31},"end":{"line":197,"column":5}},"line":194},"13":{"name":"downloadDatReportPDF","decl":{"start":{"line":202,"column":22},"end":{"line":202,"column":43}},"loc":{"start":{"line":202,"column":107},"end":{"line":302,"column":null}},"line":202},"14":{"name":"(anonymous_14)","decl":{"start":{"line":220,"column":37},"end":{"line":220,"column":45}},"loc":{"start":{"line":220,"column":45},"end":{"line":230,"column":5}},"line":220},"15":{"name":"(anonymous_15)","decl":{"start":{"line":253,"column":45},"end":{"line":253,"column":50}},"loc":{"start":{"line":253,"column":50},"end":{"line":253,"column":76}},"line":253},"16":{"name":"(anonymous_16)","decl":{"start":{"line":279,"column":48},"end":{"line":279,"column":53}},"loc":{"start":{"line":279,"column":53},"end":{"line":279,"column":72}},"line":279},"17":{"name":"(anonymous_17)","decl":{"start":{"line":281,"column":38},"end":{"line":281,"column":39}},"loc":{"start":{"line":281,"column":51},"end":{"line":291,"column":5}},"line":281}},"branchMap":{"0":{"loc":{"start":{"line":37,"column":4},"end":{"line":39,"column":null}},"type":"if","locations":[{"start":{"line":37,"column":4},"end":{"line":39,"column":null}},{"start":{},"end":{}}],"line":37},"1":{"loc":{"start":{"line":37,"column":8},"end":{"line":37,"column":24}},"type":"binary-expr","locations":[{"start":{"line":37,"column":8},"end":{"line":37,"column":17}},{"start":{"line":37,"column":17},"end":{"line":37,"column":24}}],"line":37},"2":{"loc":{"start":{"line":43,"column":57},"end":{"line":43,"column":107}},"type":"default-arg","locations":[{"start":{"line":43,"column":77},"end":{"line":43,"column":107}}],"line":43},"3":{"loc":{"start":{"line":59,"column":14},"end":{"line":59,"column":null}},"type":"binary-expr","locations":[{"start":{"line":59,"column":14},"end":{"line":59,"column":28}},{"start":{"line":59,"column":28},"end":{"line":59,"column":null}}],"line":59},"4":{"loc":{"start":{"line":60,"column":25},"end":{"line":60,"column":null}},"type":"binary-expr","locations":[{"start":{"line":60,"column":25},"end":{"line":60,"column":50}},{"start":{"line":60,"column":50},"end":{"line":60,"column":null}}],"line":60},"5":{"loc":{"start":{"line":61,"column":26},"end":{"line":61,"column":null}},"type":"binary-expr","locations":[{"start":{"line":61,"column":26},"end":{"line":61,"column":52}},{"start":{"line":61,"column":52},"end":{"line":61,"column":null}}],"line":61},"6":{"loc":{"start":{"line":62,"column":16},"end":{"line":62,"column":null}},"type":"binary-expr","locations":[{"start":{"line":62,"column":16},"end":{"line":62,"column":30}},{"start":{"line":62,"column":30},"end":{"line":62,"column":null}}],"line":62},"7":{"loc":{"start":{"line":63,"column":15},"end":{"line":63,"column":null}},"type":"binary-expr","locations":[{"start":{"line":63,"column":15},"end":{"line":63,"column":28}},{"start":{"line":63,"column":28},"end":{"line":63,"column":null}}],"line":63},"8":{"loc":{"start":{"line":64,"column":18},"end":{"line":64,"column":null}},"type":"binary-expr","locations":[{"start":{"line":64,"column":18},"end":{"line":64,"column":34}},{"start":{"line":64,"column":34},"end":{"line":64,"column":null}}],"line":64},"9":{"loc":{"start":{"line":65,"column":20},"end":{"line":65,"column":null}},"type":"binary-expr","locations":[{"start":{"line":65,"column":20},"end":{"line":65,"column":38}},{"start":{"line":65,"column":38},"end":{"line":65,"column":null}}],"line":65},"10":{"loc":{"start":{"line":66,"column":16},"end":{"line":66,"column":null}},"type":"binary-expr","locations":[{"start":{"line":66,"column":16},"end":{"line":66,"column":30}},{"start":{"line":66,"column":30},"end":{"line":66,"column":null}}],"line":66},"11":{"loc":{"start":{"line":74,"column":4},"end":{"line":74,"column":null}},"type":"if","locations":[{"start":{"line":74,"column":4},"end":{"line":74,"column":null}},{"start":{},"end":{}}],"line":74},"12":{"loc":{"start":{"line":79,"column":5},"end":{"line":79,"column":18}},"type":"binary-expr","locations":[{"start":{"line":79,"column":5},"end":{"line":79,"column":14}},{"start":{"line":79,"column":14},"end":{"line":79,"column":18}}],"line":79},"13":{"loc":{"start":{"line":81,"column":8},"end":{"line":84,"column":null}},"type":"if","locations":[{"start":{"line":81,"column":8},"end":{"line":84,"column":null}},{"start":{},"end":{}}],"line":81},"14":{"loc":{"start":{"line":83,"column":36},"end":{"line":83,"column":65}},"type":"binary-expr","locations":[{"start":{"line":83,"column":36},"end":{"line":83,"column":60}},{"start":{"line":83,"column":60},"end":{"line":83,"column":65}}],"line":83},"15":{"loc":{"start":{"line":93,"column":4},"end":{"line":93,"column":null}},"type":"if","locations":[{"start":{"line":93,"column":4},"end":{"line":93,"column":null}},{"start":{},"end":{}}],"line":93},"16":{"loc":{"start":{"line":95,"column":27},"end":{"line":95,"column":40}},"type":"binary-expr","locations":[{"start":{"line":95,"column":27},"end":{"line":95,"column":36}},{"start":{"line":95,"column":36},"end":{"line":95,"column":40}}],"line":95},"17":{"loc":{"start":{"line":96,"column":18},"end":{"line":96,"column":null}},"type":"binary-expr","locations":[{"start":{"line":96,"column":18},"end":{"line":96,"column":31}},{"start":{"line":96,"column":31},"end":{"line":96,"column":null}}],"line":96},"18":{"loc":{"start":{"line":97,"column":8},"end":{"line":97,"column":null}},"type":"if","locations":[{"start":{"line":97,"column":8},"end":{"line":97,"column":null}},{"start":{},"end":{}}],"line":97},"19":{"loc":{"start":{"line":101,"column":24},"end":{"line":101,"column":45}},"type":"binary-expr","locations":[{"start":{"line":101,"column":24},"end":{"line":101,"column":41}},{"start":{"line":101,"column":41},"end":{"line":101,"column":45}}],"line":101},"20":{"loc":{"start":{"line":104,"column":4},"end":{"line":115,"column":null}},"type":"if","locations":[{"start":{"line":104,"column":4},"end":{"line":115,"column":null}},{"start":{},"end":{}}],"line":104},"21":{"loc":{"start":{"line":112,"column":8},"end":{"line":114,"column":null}},"type":"if","locations":[{"start":{"line":112,"column":8},"end":{"line":114,"column":null}},{"start":{},"end":{}}],"line":112},"22":{"loc":{"start":{"line":112,"column":12},"end":{"line":112,"column":28}},"type":"binary-expr","locations":[{"start":{"line":112,"column":12},"end":{"line":112,"column":21}},{"start":{"line":112,"column":21},"end":{"line":112,"column":28}}],"line":112},"23":{"loc":{"start":{"line":140,"column":63},"end":{"line":140,"column":106}},"type":"binary-expr","locations":[{"start":{"line":140,"column":63},"end":{"line":140,"column":104}},{"start":{"line":140,"column":104},"end":{"line":140,"column":106}}],"line":140},"24":{"loc":{"start":{"line":141,"column":65},"end":{"line":141,"column":110}},"type":"binary-expr","locations":[{"start":{"line":141,"column":65},"end":{"line":141,"column":108}},{"start":{"line":141,"column":108},"end":{"line":141,"column":110}}],"line":141},"25":{"loc":{"start":{"line":142,"column":66},"end":{"line":142,"column":112}},"type":"binary-expr","locations":[{"start":{"line":142,"column":66},"end":{"line":142,"column":110}},{"start":{"line":142,"column":110},"end":{"line":142,"column":112}}],"line":142},"26":{"loc":{"start":{"line":143,"column":65},"end":{"line":143,"column":110}},"type":"binary-expr","locations":[{"start":{"line":143,"column":65},"end":{"line":143,"column":108}},{"start":{"line":143,"column":108},"end":{"line":143,"column":110}}],"line":143},"27":{"loc":{"start":{"line":144,"column":65},"end":{"line":144,"column":110}},"type":"binary-expr","locations":[{"start":{"line":144,"column":65},"end":{"line":144,"column":108}},{"start":{"line":144,"column":108},"end":{"line":144,"column":110}}],"line":144},"28":{"loc":{"start":{"line":145,"column":54},"end":{"line":145,"column":88}},"type":"binary-expr","locations":[{"start":{"line":145,"column":54},"end":{"line":145,"column":86}},{"start":{"line":145,"column":86},"end":{"line":145,"column":88}}],"line":145},"29":{"loc":{"start":{"line":153,"column":8},"end":{"line":160,"column":null}},"type":"if","locations":[{"start":{"line":153,"column":8},"end":{"line":160,"column":null}},{"start":{},"end":{}}],"line":153},"30":{"loc":{"start":{"line":156,"column":12},"end":{"line":159,"column":null}},"type":"if","locations":[{"start":{"line":156,"column":12},"end":{"line":159,"column":null}},{"start":{},"end":{}}],"line":156},"31":{"loc":{"start":{"line":156,"column":16},"end":{"line":156,"column":68}},"type":"binary-expr","locations":[{"start":{"line":156,"column":16},"end":{"line":156,"column":31}},{"start":{"line":156,"column":31},"end":{"line":156,"column":68}}],"line":156},"32":{"loc":{"start":{"line":166,"column":67},"end":{"line":166,"column":117}},"type":"default-arg","locations":[{"start":{"line":166,"column":87},"end":{"line":166,"column":117}}],"line":166},"33":{"loc":{"start":{"line":176,"column":5},"end":{"line":176,"column":18}},"type":"binary-expr","locations":[{"start":{"line":176,"column":5},"end":{"line":176,"column":14}},{"start":{"line":176,"column":14},"end":{"line":176,"column":18}}],"line":176},"34":{"loc":{"start":{"line":177,"column":8},"end":{"line":177,"column":null}},"type":"if","locations":[{"start":{"line":177,"column":8},"end":{"line":177,"column":null}},{"start":{},"end":{}}],"line":177},"35":{"loc":{"start":{"line":187,"column":27},"end":{"line":187,"column":40}},"type":"binary-expr","locations":[{"start":{"line":187,"column":27},"end":{"line":187,"column":36}},{"start":{"line":187,"column":36},"end":{"line":187,"column":40}}],"line":187},"36":{"loc":{"start":{"line":188,"column":18},"end":{"line":188,"column":null}},"type":"binary-expr","locations":[{"start":{"line":188,"column":18},"end":{"line":188,"column":31}},{"start":{"line":188,"column":31},"end":{"line":188,"column":null}}],"line":188},"37":{"loc":{"start":{"line":189,"column":8},"end":{"line":189,"column":null}},"type":"if","locations":[{"start":{"line":189,"column":8},"end":{"line":189,"column":null}},{"start":{},"end":{}}],"line":189},"38":{"loc":{"start":{"line":196,"column":8},"end":{"line":196,"column":null}},"type":"if","locations":[{"start":{"line":196,"column":8},"end":{"line":196,"column":null}},{"start":{},"end":{}}],"line":196},"39":{"loc":{"start":{"line":202,"column":62},"end":{"line":202,"column":107}},"type":"default-arg","locations":[{"start":{"line":202,"column":82},"end":{"line":202,"column":107}}],"line":202},"40":{"loc":{"start":{"line":223,"column":23},"end":{"line":225,"column":null}},"type":"cond-expr","locations":[{"start":{"line":224,"column":14},"end":{"line":224,"column":null}},{"start":{"line":225,"column":14},"end":{"line":225,"column":null}}],"line":223},"41":{"loc":{"start":{"line":226,"column":20},"end":{"line":228,"column":null}},"type":"cond-expr","locations":[{"start":{"line":227,"column":14},"end":{"line":227,"column":null}},{"start":{"line":228,"column":14},"end":{"line":228,"column":null}}],"line":226},"42":{"loc":{"start":{"line":283,"column":24},"end":{"line":283,"column":null}},"type":"cond-expr","locations":[{"start":{"line":283,"column":38},"end":{"line":283,"column":65}},{"start":{"line":283,"column":65},"end":{"line":283,"column":null}}],"line":283},"43":{"loc":{"start":{"line":300,"column":39},"end":{"line":300,"column":89}},"type":"binary-expr","locations":[{"start":{"line":300,"column":39},"end":{"line":300,"column":80}},{"start":{"line":300,"column":80},"end":{"line":300,"column":89}}],"line":300}},"s":{"0":1,"1":3,"2":3,"3":0,"4":3,"5":2,"6":2,"7":2,"8":2,"9":2,"10":2,"11":2,"12":2,"13":0,"14":2,"15":2,"16":2,"17":0,"18":0,"19":0,"20":0,"21":2,"22":2,"23":0,"24":2,"25":0,"26":0,"27":0,"28":0,"29":2,"30":0,"31":0,"32":2,"33":2,"34":0,"35":0,"36":0,"37":0,"38":2,"39":2,"40":5,"41":5,"42":5,"43":5,"44":8,"45":8,"46":8,"47":8,"48":8,"49":4,"50":4,"51":5,"52":1,"53":1,"54":1,"55":1,"56":0,"57":0,"58":1,"59":1,"60":0,"61":0,"62":0,"63":0,"64":1,"65":1,"66":0,"67":0,"68":0,"69":1,"70":1,"71":1,"72":1,"73":1,"74":1,"75":1,"76":1,"77":1,"78":1,"79":1,"80":6,"81":6,"82":6,"83":6,"84":6,"85":1,"86":1,"87":1,"88":1,"89":6,"90":1,"91":1,"92":1,"93":1,"94":1,"95":1,"96":1,"97":1,"98":6,"99":1,"100":6,"101":6,"102":6,"103":6,"104":1,"105":1,"106":1,"107":1},"f":{"0":3,"1":2,"2":0,"3":0,"4":0,"5":0,"6":0,"7":5,"8":8,"9":1,"10":0,"11":0,"12":0,"13":1,"14":6,"15":6,"16":6,"17":6},"b":{"0":[0,3],"1":[3,3],"2":[2],"3":[2,2],"4":[2,2],"5":[2,2],"6":[2,2],"7":[2,2],"8":[2,2],"9":[2,2],"10":[2,2],"11":[0,2],"12":[2,0],"13":[0,0],"14":[0,0],"15":[0,2],"16":[2,0],"17":[0,0],"18":[0,0],"19":[2,0],"20":[0,2],"21":[0,0],"22":[0,0],"23":[5,2],"24":[5,2],"25":[5,5],"26":[5,5],"27":[5,5],"28":[5,2],"29":[8,0],"30":[4,4],"31":[8,8],"32":[1],"33":[1,0],"34":[0,0],"35":[1,0],"36":[0,0],"37":[0,0],"38":[0,0],"39":[1],"40":[0,6],"41":[0,6],"42":[0,6],"43":[1,1]},"meta":{"lastBranch":44,"lastFunction":18,"lastStatement":108,"seen":{"s:13:51:20:Infinity":0,"f:30:22:30:55":0,"s:31:28:35:Infinity":1,"b:37:4:39:Infinity:undefined:undefined:undefined:undefined":0,"s:37:4:39:Infinity":2,"b:37:8:37:17:37:17:37:24":1,"s:38:8:38:Infinity":3,"s:40:4:40:Infinity":4,"f:43:22:43:38":1,"b:43:77:43:107":2,"s:44:20:44:Infinity":5,"s:46:28:50:Infinity":6,"s:51:17:51:Infinity":7,"s:52:29:56:Infinity":8,"s:57:15:57:Infinity":9,"s:58:80:67:Infinity":10,"b:59:14:59:28:59:28:59:Infinity":3,"b:60:25:60:50:60:50:60:Infinity":4,"b:61:26:61:52:61:52:61:Infinity":5,"b:62:16:62:30:62:30:62:Infinity":6,"b:63:15:63:28:63:28:63:Infinity":7,"b:64:18:64:34:64:34:64:Infinity":8,"b:65:20:65:38:65:38:65:Infinity":9,"b:66:16:66:30:66:30:66:Infinity":10,"s:69:41:73:Infinity":11,"b:74:4:74:Infinity:undefined:undefined:undefined:undefined":11,"s:74:4:74:Infinity":12,"s:74:14:74:Infinity":13,"s:76:20:76:Infinity":14,"s:77:51:77:Infinity":15,"s:79:4:85:Infinity":16,"b:79:5:79:14:79:14:79:18":12,"f:79:26:79:31":2,"s:80:21:80:Infinity":17,"b:81:8:84:Infinity:undefined:undefined:undefined:undefined":13,"s:81:8:84:Infinity":18,"s:82:12:82:Infinity":19,"s:83:12:83:Infinity":20,"b:83:36:83:60:83:60:83:65":14,"s:87:41:92:Infinity":21,"b:93:4:93:Infinity:undefined:undefined:undefined:undefined":15,"s:93:4:93:Infinity":22,"s:93:14:93:Infinity":23,"s:95:10:99:Infinity":24,"b:95:27:95:36:95:36:95:40":16,"f:95:47:95:52":3,"s:96:18:96:Infinity":25,"b:96:18:96:31:96:31:96:Infinity":17,"b:97:8:97:Infinity:undefined:undefined:undefined:undefined":18,"s:97:8:97:Infinity":26,"s:97:36:97:Infinity":27,"s:98:8:98:Infinity":28,"s:101:10:101:Infinity":29,"b:101:24:101:41:101:41:101:45":19,"f:101:49:101:54":4,"s:101:54:101:65":30,"f:101:90:101:96":5,"s:101:96:101:114":31,"s:102:21:102:Infinity":32,"b:104:4:115:Infinity:undefined:undefined:undefined:undefined":20,"s:104:4:115:Infinity":33,"s:105:45:110:Infinity":34,"b:112:8:114:Infinity:undefined:undefined:undefined:undefined":21,"s:112:8:114:Infinity":35,"b:112:12:112:21:112:21:112:28":22,"s:113:12:113:Infinity":36,"f:113:43:113:48":6,"s:113:48:113:52":37,"s:117:54:122:Infinity":38,"s:124:4:130:Infinity":39,"f:133:16:133:Infinity":7,"s:139:90:146:Infinity":40,"b:140:63:140:104:140:104:140:106":23,"b:141:65:141:108:141:108:141:110":24,"b:142:66:142:110:142:110:142:112":25,"b:143:65:143:108:143:108:143:110":26,"b:144:65:144:108:144:108:144:110":27,"b:145:54:145:86:145:86:145:88":28,"s:148:25:148:Infinity":41,"s:149:24:149:Infinity":42,"s:151:4:161:Infinity":43,"f:151:26:151:31":8,"s:152:21:152:Infinity":44,"b:153:8:160:Infinity:undefined:undefined:undefined:undefined":29,"s:153:8:160:Infinity":45,"s:154:12:154:Infinity":46,"s:155:12:155:Infinity":47,"b:156:12:159:Infinity:undefined:undefined:undefined:undefined":30,"s:156:12:159:Infinity":48,"b:156:16:156:31:156:31:156:68":31,"s:157:16:157:Infinity":49,"s:158:16:158:Infinity":50,"s:163:4:163:Infinity":51,"f:166:22:166:48":9,"b:166:87:166:117":32,"s:167:20:167:Infinity":52,"s:169:28:173:Infinity":53,"s:175:20:175:Infinity":54,"s:176:4:178:Infinity":55,"b:176:5:176:14:176:14:176:18":33,"f:176:26:176:31":10,"b:177:8:177:Infinity:undefined:undefined:undefined:undefined":34,"s:177:8:177:Infinity":56,"s:177:24:177:Infinity":57,"s:180:28:185:Infinity":58,"s:187:10:191:Infinity":59,"b:187:27:187:36:187:36:187:40":35,"f:187:47:187:52":11,"s:188:18:188:Infinity":60,"b:188:18:188:31:188:31:188:Infinity":36,"b:189:8:189:Infinity:undefined:undefined:undefined:undefined":37,"s:189:8:189:Infinity":61,"s:189:36:189:Infinity":62,"s:190:8:190:Infinity":63,"s:193:27:193:Infinity":64,"s:194:4:197:Infinity":65,"f:194:26:194:31":12,"s:195:21:195:Infinity":66,"b:196:8:196:Infinity:undefined:undefined:undefined:undefined":38,"s:196:8:196:Infinity":67,"s:196:18:196:Infinity":68,"s:199:4:199:Infinity":69,"f:202:22:202:43":13,"b:202:82:202:107":39,"s:203:16:203:Infinity":70,"s:204:109:204:Infinity":71,"s:206:16:206:Infinity":72,"s:207:10:207:Infinity":73,"s:210:12:210:Infinity":74,"s:213:38:213:Infinity":75,"s:214:4:214:Infinity":76,"s:217:4:217:Infinity":77,"s:219:23:219:Infinity":78,"s:220:22:230:Infinity":79,"f:220:37:220:45":14,"s:221:28:221:Infinity":80,"s:222:22:222:Infinity":81,"s:223:23:225:Infinity":82,"b:224:14:224:Infinity:225:14:225:Infinity":40,"s:226:20:228:Infinity":83,"b:227:14:227:Infinity:228:14:228:Infinity":41,"s:229:8:229:Infinity":84,"s:232:4:246:Infinity":85,"s:248:4:248:Infinity":86,"s:251:4:251:Infinity":87,"s:253:27:253:Infinity":88,"f:253:45:253:50":15,"s:253:50:253:76":89,"s:254:24:257:Infinity":90,"s:258:4:268:Infinity":91,"s:270:4:270:Infinity":92,"s:273:54:273:Infinity":93,"s:274:4:274:Infinity":94,"s:275:4:275:Infinity":95,"s:277:4:277:Infinity":96,"s:279:21:279:Infinity":97,"f:279:48:279:53":16,"s:279:53:279:72":98,"s:281:23:291:Infinity":99,"f:281:38:281:39":17,"s:282:28:282:Infinity":100,"s:283:24:283:Infinity":101,"b:283:38:283:65:283:65:283:Infinity":42,"s:284:22:284:Infinity":102,"s:285:8:290:Infinity":103,"s:293:4:297:Infinity":104,"s:299:4:299:Infinity":105,"s:300:21:300:Infinity":106,"b:300:39:300:80:300:80:300:89":43,"s:301:4:301:Infinity":107}}}
,"D:\\semestre-1-25\\cvp-test-vocacional\\test-vocacional\\src\\domain\\rules\\ippr.ts": {"path":"D:\\semestre-1-25\\cvp-test-vocacional\\test-vocacional\\src\\domain\\rules\\ippr.ts","statementMap":{"0":{"start":{"line":9,"column":50},"end":{"line":25,"column":null}},"1":{"start":{"line":28,"column":2},"end":{"line":28,"column":null}},"2":{"start":{"line":28,"column":12},"end":{"line":28,"column":null}},"3":{"start":{"line":29,"column":12},"end":{"line":29,"column":null}},"4":{"start":{"line":30,"column":2},"end":{"line":30,"column":null}},"5":{"start":{"line":30,"column":51},"end":{"line":30,"column":null}},"6":{"start":{"line":31,"column":2},"end":{"line":31,"column":null}},"7":{"start":{"line":31,"column":27},"end":{"line":31,"column":null}},"8":{"start":{"line":32,"column":2},"end":{"line":32,"column":null}},"9":{"start":{"line":32,"column":47},"end":{"line":32,"column":null}},"10":{"start":{"line":33,"column":2},"end":{"line":33,"column":null}},"11":{"start":{"line":33,"column":24},"end":{"line":33,"column":null}},"12":{"start":{"line":34,"column":2},"end":{"line":34,"column":null}},"13":{"start":{"line":48,"column":26},"end":{"line":52,"column":null}},"14":{"start":{"line":54,"column":2},"end":{"line":56,"column":null}},"15":{"start":{"line":55,"column":4},"end":{"line":55,"column":null}},"16":{"start":{"line":57,"column":2},"end":{"line":57,"column":null}},"17":{"start":{"line":61,"column":18},"end":{"line":61,"column":null}},"18":{"start":{"line":63,"column":26},"end":{"line":67,"column":null}},"19":{"start":{"line":68,"column":15},"end":{"line":68,"column":null}},"20":{"start":{"line":69,"column":27},"end":{"line":73,"column":null}},"21":{"start":{"line":74,"column":13},"end":{"line":74,"column":null}},"22":{"start":{"line":75,"column":78},"end":{"line":84,"column":null}},"23":{"start":{"line":86,"column":39},"end":{"line":90,"column":null}},"24":{"start":{"line":91,"column":2},"end":{"line":91,"column":null}},"25":{"start":{"line":91,"column":12},"end":{"line":91,"column":null}},"26":{"start":{"line":93,"column":21},"end":{"line":93,"column":null}},"27":{"start":{"line":94,"column":2},"end":{"line":97,"column":null}},"28":{"start":{"line":95,"column":14},"end":{"line":95,"column":null}},"29":{"start":{"line":96,"column":4},"end":{"line":96,"column":null}},"30":{"start":{"line":96,"column":27},"end":{"line":96,"column":null}},"31":{"start":{"line":99,"column":39},"end":{"line":105,"column":null}},"32":{"start":{"line":106,"column":2},"end":{"line":106,"column":null}},"33":{"start":{"line":106,"column":12},"end":{"line":106,"column":null}},"34":{"start":{"line":108,"column":8},"end":{"line":112,"column":null}},"35":{"start":{"line":109,"column":14},"end":{"line":109,"column":null}},"36":{"start":{"line":110,"column":4},"end":{"line":110,"column":null}},"37":{"start":{"line":110,"column":32},"end":{"line":110,"column":null}},"38":{"start":{"line":111,"column":4},"end":{"line":111,"column":null}},"39":{"start":{"line":114,"column":21},"end":{"line":116,"column":null}},"40":{"start":{"line":115,"column":37},"end":{"line":115,"column":48}},"41":{"start":{"line":115,"column":77},"end":{"line":115,"column":86}},"42":{"start":{"line":118,"column":17},"end":{"line":118,"column":null}},"43":{"start":{"line":119,"column":2},"end":{"line":127,"column":null}},"44":{"start":{"line":120,"column":40},"end":{"line":124,"column":null}},"45":{"start":{"line":125,"column":4},"end":{"line":125,"column":null}},"46":{"start":{"line":125,"column":14},"end":{"line":125,"column":null}},"47":{"start":{"line":126,"column":4},"end":{"line":126,"column":null}},"48":{"start":{"line":126,"column":47},"end":{"line":126,"column":77}},"49":{"start":{"line":129,"column":64},"end":{"line":133,"column":null}},"50":{"start":{"line":135,"column":2},"end":{"line":143,"column":null}},"51":{"start":{"line":151,"column":38},"end":{"line":153,"column":null}},"52":{"start":{"line":155,"column":22},"end":{"line":155,"column":null}},"53":{"start":{"line":157,"column":2},"end":{"line":165,"column":null}},"54":{"start":{"line":158,"column":16},"end":{"line":158,"column":null}},"55":{"start":{"line":159,"column":4},"end":{"line":159,"column":null}},"56":{"start":{"line":159,"column":14},"end":{"line":159,"column":null}},"57":{"start":{"line":161,"column":16},"end":{"line":161,"column":null}},"58":{"start":{"line":162,"column":18},"end":{"line":162,"column":null}},"59":{"start":{"line":163,"column":4},"end":{"line":163,"column":null}},"60":{"start":{"line":164,"column":4},"end":{"line":164,"column":null}},"61":{"start":{"line":167,"column":21},"end":{"line":167,"column":null}},"62":{"start":{"line":167,"column":67},"end":{"line":167,"column":74}},"63":{"start":{"line":169,"column":19},"end":{"line":171,"column":null}},"64":{"start":{"line":170,"column":17},"end":{"line":170,"column":83}},"65":{"start":{"line":171,"column":20},"end":{"line":171,"column":71}},"66":{"start":{"line":173,"column":2},"end":{"line":173,"column":null}},"67":{"start":{"line":177,"column":14},"end":{"line":177,"column":null}},"68":{"start":{"line":178,"column":107},"end":{"line":178,"column":null}},"69":{"start":{"line":180,"column":14},"end":{"line":180,"column":null}},"70":{"start":{"line":181,"column":8},"end":{"line":181,"column":null}},"71":{"start":{"line":184,"column":10},"end":{"line":184,"column":null}},"72":{"start":{"line":187,"column":36},"end":{"line":187,"column":null}},"73":{"start":{"line":188,"column":2},"end":{"line":188,"column":null}},"74":{"start":{"line":191,"column":2},"end":{"line":191,"column":null}},"75":{"start":{"line":193,"column":16},"end":{"line":197,"column":null}},"76":{"start":{"line":193,"column":83},"end":{"line":197,"column":4}},"77":{"start":{"line":199,"column":2},"end":{"line":210,"column":null}},"78":{"start":{"line":212,"column":2},"end":{"line":212,"column":null}},"79":{"start":{"line":215,"column":2},"end":{"line":215,"column":null}},"80":{"start":{"line":216,"column":2},"end":{"line":216,"column":null}},"81":{"start":{"line":218,"column":15},"end":{"line":218,"column":null}},"82":{"start":{"line":219,"column":22},"end":{"line":223,"column":null}},"83":{"start":{"line":219,"column":41},"end":{"line":223,"column":3}},"84":{"start":{"line":225,"column":2},"end":{"line":236,"column":null}},"85":{"start":{"line":238,"column":2},"end":{"line":238,"column":null}},"86":{"start":{"line":241,"column":52},"end":{"line":241,"column":null}},"87":{"start":{"line":242,"column":2},"end":{"line":242,"column":null}},"88":{"start":{"line":243,"column":25},"end":{"line":243,"column":null}},"89":{"start":{"line":243,"column":57},"end":{"line":243,"column":108}},"90":{"start":{"line":244,"column":2},"end":{"line":248,"column":null}},"91":{"start":{"line":245,"column":34},"end":{"line":245,"column":145}},"92":{"start":{"line":250,"column":2},"end":{"line":250,"column":null}},"93":{"start":{"line":251,"column":2},"end":{"line":251,"column":null}}},"fnMap":{"0":{"name":"mapIpprAnswerTextToScore","decl":{"start":{"line":27,"column":16},"end":{"line":27,"column":41}},"loc":{"start":{"line":27,"column":81},"end":{"line":35,"column":null}},"line":27},"1":{"name":"getIpprtest_id","decl":{"start":{"line":47,"column":15},"end":{"line":47,"column":49}},"loc":{"start":{"line":47,"column":49},"end":{"line":58,"column":null}},"line":47},"2":{"name":"computeIpprScore","decl":{"start":{"line":60,"column":22},"end":{"line":60,"column":39}},"loc":{"start":{"line":60,"column":109},"end":{"line":144,"column":null}},"line":60},"3":{"name":"(anonymous_3)","decl":{"start":{"line":94,"column":24},"end":{"line":94,"column":25}},"loc":{"start":{"line":94,"column":31},"end":{"line":97,"column":3}},"line":94},"4":{"name":"(anonymous_4)","decl":{"start":{"line":108,"column":45},"end":{"line":108,"column":50}},"loc":{"start":{"line":108,"column":50},"end":{"line":112,"column":3}},"line":108},"5":{"name":"(anonymous_5)","decl":{"start":{"line":115,"column":30},"end":{"line":115,"column":31}},"loc":{"start":{"line":115,"column":37},"end":{"line":115,"column":48}},"line":115},"6":{"name":"(anonymous_6)","decl":{"start":{"line":115,"column":57},"end":{"line":115,"column":58}},"loc":{"start":{"line":115,"column":77},"end":{"line":115,"column":86}},"line":115},"7":{"name":"(anonymous_7)","decl":{"start":{"line":126,"column":40},"end":{"line":126,"column":41}},"loc":{"start":{"line":126,"column":47},"end":{"line":126,"column":77}},"line":126},"8":{"name":"calculateIpprResultSummary","decl":{"start":{"line":146,"column":16},"end":{"line":146,"column":null}},"loc":{"start":{"line":150,"column":2},"end":{"line":174,"column":null}},"line":150},"9":{"name":"(anonymous_9)","decl":{"start":{"line":167,"column":57},"end":{"line":167,"column":58}},"loc":{"start":{"line":167,"column":67},"end":{"line":167,"column":74}},"line":167},"10":{"name":"(anonymous_10)","decl":{"start":{"line":170,"column":9},"end":{"line":170,"column":10}},"loc":{"start":{"line":170,"column":17},"end":{"line":170,"column":83}},"line":170},"11":{"name":"(anonymous_11)","decl":{"start":{"line":171,"column":10},"end":{"line":171,"column":11}},"loc":{"start":{"line":171,"column":20},"end":{"line":171,"column":71}},"line":171},"12":{"name":"downloadIpprReportPDF","decl":{"start":{"line":176,"column":22},"end":{"line":176,"column":44}},"loc":{"start":{"line":176,"column":108},"end":{"line":252,"column":null}},"line":176},"13":{"name":"(anonymous_13)","decl":{"start":{"line":193,"column":75},"end":{"line":193,"column":76}},"loc":{"start":{"line":193,"column":83},"end":{"line":197,"column":4}},"line":193},"14":{"name":"(anonymous_14)","decl":{"start":{"line":219,"column":31},"end":{"line":219,"column":32}},"loc":{"start":{"line":219,"column":41},"end":{"line":223,"column":3}},"line":219},"15":{"name":"(anonymous_15)","decl":{"start":{"line":243,"column":47},"end":{"line":243,"column":48}},"loc":{"start":{"line":243,"column":57},"end":{"line":243,"column":108}},"line":243},"16":{"name":"(anonymous_16)","decl":{"start":{"line":245,"column":23},"end":{"line":245,"column":24}},"loc":{"start":{"line":245,"column":34},"end":{"line":245,"column":145}},"line":245}},"branchMap":{"0":{"loc":{"start":{"line":28,"column":2},"end":{"line":28,"column":null}},"type":"if","locations":[{"start":{"line":28,"column":2},"end":{"line":28,"column":null}},{"start":{},"end":{}}],"line":28},"1":{"loc":{"start":{"line":30,"column":2},"end":{"line":30,"column":null}},"type":"if","locations":[{"start":{"line":30,"column":2},"end":{"line":30,"column":null}},{"start":{},"end":{}}],"line":30},"2":{"loc":{"start":{"line":31,"column":2},"end":{"line":31,"column":null}},"type":"if","locations":[{"start":{"line":31,"column":2},"end":{"line":31,"column":null}},{"start":{},"end":{}}],"line":31},"3":{"loc":{"start":{"line":32,"column":2},"end":{"line":32,"column":null}},"type":"if","locations":[{"start":{"line":32,"column":2},"end":{"line":32,"column":null}},{"start":{},"end":{}}],"line":32},"4":{"loc":{"start":{"line":33,"column":2},"end":{"line":33,"column":null}},"type":"if","locations":[{"start":{"line":33,"column":2},"end":{"line":33,"column":null}},{"start":{},"end":{}}],"line":33},"5":{"loc":{"start":{"line":54,"column":2},"end":{"line":56,"column":null}},"type":"if","locations":[{"start":{"line":54,"column":2},"end":{"line":56,"column":null}},{"start":{},"end":{}}],"line":54},"6":{"loc":{"start":{"line":54,"column":6},"end":{"line":54,"column":22}},"type":"binary-expr","locations":[{"start":{"line":54,"column":6},"end":{"line":54,"column":15}},{"start":{"line":54,"column":15},"end":{"line":54,"column":22}}],"line":54},"7":{"loc":{"start":{"line":60,"column":58},"end":{"line":60,"column":109}},"type":"default-arg","locations":[{"start":{"line":60,"column":78},"end":{"line":60,"column":109}}],"line":60},"8":{"loc":{"start":{"line":76,"column":10},"end":{"line":76,"column":null}},"type":"binary-expr","locations":[{"start":{"line":76,"column":10},"end":{"line":76,"column":24}},{"start":{"line":76,"column":24},"end":{"line":76,"column":null}}],"line":76},"9":{"loc":{"start":{"line":77,"column":21},"end":{"line":77,"column":null}},"type":"binary-expr","locations":[{"start":{"line":77,"column":21},"end":{"line":77,"column":46}},{"start":{"line":77,"column":46},"end":{"line":77,"column":null}}],"line":77},"10":{"loc":{"start":{"line":78,"column":22},"end":{"line":78,"column":null}},"type":"binary-expr","locations":[{"start":{"line":78,"column":22},"end":{"line":78,"column":48}},{"start":{"line":78,"column":48},"end":{"line":78,"column":null}}],"line":78},"11":{"loc":{"start":{"line":79,"column":12},"end":{"line":79,"column":null}},"type":"binary-expr","locations":[{"start":{"line":79,"column":12},"end":{"line":79,"column":26}},{"start":{"line":79,"column":26},"end":{"line":79,"column":null}}],"line":79},"12":{"loc":{"start":{"line":80,"column":11},"end":{"line":80,"column":null}},"type":"binary-expr","locations":[{"start":{"line":80,"column":11},"end":{"line":80,"column":24}},{"start":{"line":80,"column":24},"end":{"line":80,"column":null}}],"line":80},"13":{"loc":{"start":{"line":81,"column":14},"end":{"line":81,"column":null}},"type":"binary-expr","locations":[{"start":{"line":81,"column":14},"end":{"line":81,"column":30}},{"start":{"line":81,"column":30},"end":{"line":81,"column":null}}],"line":81},"14":{"loc":{"start":{"line":82,"column":16},"end":{"line":82,"column":null}},"type":"binary-expr","locations":[{"start":{"line":82,"column":16},"end":{"line":82,"column":34}},{"start":{"line":82,"column":34},"end":{"line":82,"column":null}}],"line":82},"15":{"loc":{"start":{"line":83,"column":12},"end":{"line":83,"column":null}},"type":"binary-expr","locations":[{"start":{"line":83,"column":12},"end":{"line":83,"column":26}},{"start":{"line":83,"column":26},"end":{"line":83,"column":null}}],"line":83},"16":{"loc":{"start":{"line":91,"column":2},"end":{"line":91,"column":null}},"type":"if","locations":[{"start":{"line":91,"column":2},"end":{"line":91,"column":null}},{"start":{},"end":{}}],"line":91},"17":{"loc":{"start":{"line":94,"column":3},"end":{"line":94,"column":16}},"type":"binary-expr","locations":[{"start":{"line":94,"column":3},"end":{"line":94,"column":12}},{"start":{"line":94,"column":12},"end":{"line":94,"column":16}}],"line":94},"18":{"loc":{"start":{"line":96,"column":4},"end":{"line":96,"column":null}},"type":"if","locations":[{"start":{"line":96,"column":4},"end":{"line":96,"column":null}},{"start":{},"end":{}}],"line":96},"19":{"loc":{"start":{"line":96,"column":8},"end":{"line":96,"column":27}},"type":"binary-expr","locations":[{"start":{"line":96,"column":8},"end":{"line":96,"column":18}},{"start":{"line":96,"column":18},"end":{"line":96,"column":27}}],"line":96},"20":{"loc":{"start":{"line":106,"column":2},"end":{"line":106,"column":null}},"type":"if","locations":[{"start":{"line":106,"column":2},"end":{"line":106,"column":null}},{"start":{},"end":{}}],"line":106},"21":{"loc":{"start":{"line":108,"column":25},"end":{"line":108,"column":38}},"type":"binary-expr","locations":[{"start":{"line":108,"column":25},"end":{"line":108,"column":34}},{"start":{"line":108,"column":34},"end":{"line":108,"column":38}}],"line":108},"22":{"loc":{"start":{"line":109,"column":14},"end":{"line":109,"column":null}},"type":"binary-expr","locations":[{"start":{"line":109,"column":14},"end":{"line":109,"column":27}},{"start":{"line":109,"column":27},"end":{"line":109,"column":null}}],"line":109},"23":{"loc":{"start":{"line":110,"column":4},"end":{"line":110,"column":null}},"type":"if","locations":[{"start":{"line":110,"column":4},"end":{"line":110,"column":null}},{"start":{},"end":{}}],"line":110},"24":{"loc":{"start":{"line":115,"column":13},"end":{"line":115,"column":26}},"type":"binary-expr","locations":[{"start":{"line":115,"column":13},"end":{"line":115,"column":22}},{"start":{"line":115,"column":22},"end":{"line":115,"column":26}}],"line":115},"25":{"loc":{"start":{"line":119,"column":2},"end":{"line":127,"column":null}},"type":"if","locations":[{"start":{"line":119,"column":2},"end":{"line":127,"column":null}},{"start":{},"end":{}}],"line":119},"26":{"loc":{"start":{"line":125,"column":4},"end":{"line":125,"column":null}},"type":"if","locations":[{"start":{"line":125,"column":4},"end":{"line":125,"column":null}},{"start":{},"end":{}}],"line":125},"27":{"loc":{"start":{"line":126,"column":24},"end":{"line":126,"column":36}},"type":"binary-expr","locations":[{"start":{"line":126,"column":24},"end":{"line":126,"column":32}},{"start":{"line":126,"column":32},"end":{"line":126,"column":36}}],"line":126},"28":{"loc":{"start":{"line":126,"column":61},"end":{"line":126,"column":75}},"type":"binary-expr","locations":[{"start":{"line":126,"column":61},"end":{"line":126,"column":73}},{"start":{"line":126,"column":73},"end":{"line":126,"column":75}}],"line":126},"29":{"loc":{"start":{"line":159,"column":4},"end":{"line":159,"column":null}},"type":"if","locations":[{"start":{"line":159,"column":4},"end":{"line":159,"column":null}},{"start":{},"end":{}}],"line":159},"30":{"loc":{"start":{"line":161,"column":16},"end":{"line":161,"column":null}},"type":"cond-expr","locations":[{"start":{"line":161,"column":30},"end":{"line":161,"column":58}},{"start":{"line":161,"column":58},"end":{"line":161,"column":null}}],"line":161},"31":{"loc":{"start":{"line":171,"column":20},"end":{"line":171,"column":71}},"type":"binary-expr","locations":[{"start":{"line":171,"column":20},"end":{"line":171,"column":41}},{"start":{"line":171,"column":41},"end":{"line":171,"column":71}}],"line":171},"32":{"loc":{"start":{"line":176,"column":63},"end":{"line":176,"column":108}},"type":"default-arg","locations":[{"start":{"line":176,"column":83},"end":{"line":176,"column":108}}],"line":176},"33":{"loc":{"start":{"line":243,"column":57},"end":{"line":243,"column":108}},"type":"binary-expr","locations":[{"start":{"line":243,"column":57},"end":{"line":243,"column":78}},{"start":{"line":243,"column":78},"end":{"line":243,"column":108}}],"line":243},"34":{"loc":{"start":{"line":251,"column":19},"end":{"line":251,"column":47}},"type":"binary-expr","locations":[{"start":{"line":251,"column":19},"end":{"line":251,"column":38}},{"start":{"line":251,"column":38},"end":{"line":251,"column":47}}],"line":251}},"s":{"0":1,"1":15,"2":2,"3":13,"4":13,"5":1,"6":12,"7":2,"8":10,"9":5,"10":5,"11":4,"12":1,"13":2,"14":2,"15":0,"16":2,"17":2,"18":2,"19":2,"20":2,"21":2,"22":2,"23":2,"24":2,"25":0,"26":2,"27":2,"28":0,"29":0,"30":0,"31":2,"32":2,"33":0,"34":2,"35":0,"36":0,"37":0,"38":0,"39":2,"40":0,"41":0,"42":2,"43":2,"44":0,"45":0,"46":0,"47":0,"48":0,"49":2,"50":2,"51":5,"52":5,"53":5,"54":8,"55":8,"56":0,"57":8,"58":8,"59":8,"60":8,"61":5,"62":75,"63":5,"64":75,"65":199,"66":5,"67":1,"68":1,"69":1,"70":1,"71":1,"72":1,"73":1,"74":1,"75":1,"76":15,"77":1,"78":1,"79":1,"80":1,"81":1,"82":1,"83":5,"84":1,"85":1,"86":1,"87":1,"88":1,"89":14,"90":1,"91":15,"92":1,"93":1},"f":{"0":15,"1":2,"2":2,"3":0,"4":0,"5":0,"6":0,"7":0,"8":5,"9":75,"10":75,"11":199,"12":1,"13":15,"14":5,"15":14,"16":15},"b":{"0":[2,13],"1":[1,12],"2":[2,10],"3":[5,5],"4":[4,1],"5":[0,2],"6":[2,2],"7":[2],"8":[2,2],"9":[2,2],"10":[2,2],"11":[2,2],"12":[2,2],"13":[2,2],"14":[2,2],"15":[2,2],"16":[0,2],"17":[2,0],"18":[0,0],"19":[0,0],"20":[0,2],"21":[2,0],"22":[0,0],"23":[0,0],"24":[2,0],"25":[0,2],"26":[0,0],"27":[0,0],"28":[0,0],"29":[0,8],"30":[8,0],"31":[199,176],"32":[1],"33":[14,14],"34":[1,1]},"meta":{"lastBranch":35,"lastFunction":17,"lastStatement":94,"seen":{"s:9:50:25:Infinity":0,"f:27:16:27:41":0,"b:28:2:28:Infinity:undefined:undefined:undefined:undefined":0,"s:28:2:28:Infinity":1,"s:28:12:28:Infinity":2,"s:29:12:29:Infinity":3,"b:30:2:30:Infinity:undefined:undefined:undefined:undefined":1,"s:30:2:30:Infinity":4,"s:30:51:30:Infinity":5,"b:31:2:31:Infinity:undefined:undefined:undefined:undefined":2,"s:31:2:31:Infinity":6,"s:31:27:31:Infinity":7,"b:32:2:32:Infinity:undefined:undefined:undefined:undefined":3,"s:32:2:32:Infinity":8,"s:32:47:32:Infinity":9,"b:33:2:33:Infinity:undefined:undefined:undefined:undefined":4,"s:33:2:33:Infinity":10,"s:33:24:33:Infinity":11,"s:34:2:34:Infinity":12,"f:47:15:47:49":1,"s:48:26:52:Infinity":13,"b:54:2:56:Infinity:undefined:undefined:undefined:undefined":5,"s:54:2:56:Infinity":14,"b:54:6:54:15:54:15:54:22":6,"s:55:4:55:Infinity":15,"s:57:2:57:Infinity":16,"f:60:22:60:39":2,"b:60:78:60:109":7,"s:61:18:61:Infinity":17,"s:63:26:67:Infinity":18,"s:68:15:68:Infinity":19,"s:69:27:73:Infinity":20,"s:74:13:74:Infinity":21,"s:75:78
[...]
,"D:\\semestre-1-25\\cvp-test-vocacional\\test-vocacional\\src\\infrastructure\\utils\\pdfUtils.ts": {"path":"D:\\semestre-1-25\\cvp-test-vocacional\\test-vocacional\\src\\infrastructure\\utils\\pdfUtils.ts","statementMap":{"0":{"start":{"line":5,"column":26},"end":{"line":14,"column":null}},"1":{"start":{"line":17,"column":57},"end":{"line":33,"column":null}},"2":{"start":{"line":49,"column":2},"end":{"line":49,"column":null}},"3":{"start":{"line":49,"column":12},"end":{"line":49,"column":null}},"4":{"start":{"line":50,"column":29},"end":{"line":50,"column":null}},"5":{"start":{"line":51,"column":2},"end":{"line":51,"column":null}},"6":{"start":{"line":51,"column":28},"end":{"line":51,"column":null}},"7":{"start":{"line":52,"column":2},"end":{"line":52,"column":null}},"8":{"start":{"line":57,"column":2},"end":{"line":66,"column":null}},"9":{"start":{"line":70,"column":15},"end":{"line":70,"column":null}},"10":{"start":{"line":71,"column":15},"end":{"line":71,"column":null}},"11":{"start":{"line":72,"column":15},"end":{"line":72,"column":null}},"12":{"start":{"line":75,"column":29},"end":{"line":75,"column":null}},"13":{"start":{"line":93,"column":19},"end":{"line":93,"column":null}},"14":{"start":{"line":96,"column":2},"end":{"line":96,"column":null}},"15":{"start":{"line":97,"column":2},"end":{"line":97,"column":null}},"16":{"start":{"line":100,"column":16},"end":{"line":100,"column":null}},"17":{"start":{"line":101,"column":16},"end":{"line":101,"column":null}},"18":{"start":{"line":102,"column":2},"end":{"line":106,"column":null}},"19":{"start":{"line":103,"column":4},"end":{"line":103,"column":null}},"20":{"start":{"line":109,"column":16},"end":{"line":109,"column":null}},"21":{"start":{"line":110,"column":2},"end":{"line":110,"column":null}},"22":{"start":{"line":111,"column":2},"end":{"line":111,"column":null}},"23":{"start":{"line":112,"column":2},"end":{"line":112,"column":null}},"24":{"start":{"line":113,"column":2},"end":{"line":113,"column":null}},"25":{"start":{"line":116,"column":2},"end":{"line":116,"column":null}},"26":{"start":{"line":117,"column":2},"end":{"line":117,"column":null}},"27":{"start":{"line":118,"column":2},"end":{"line":118,"column":null}},"28":{"start":{"line":119,"column":2},"end":{"line":119,"column":null}},"29":{"start":{"line":122,"column":2},"end":{"line":122,"column":null}},"30":{"start":{"line":123,"column":2},"end":{"line":123,"column":null}},"31":{"start":{"line":124,"column":2},"end":{"line":124,"column":null}},"32":{"start":{"line":127,"column":2},"end":{"line":127,"column":null}},"33":{"start":{"line":128,"column":2},"end":{"line":128,"column":null}},"34":{"start":{"line":129,"column":2},"end":{"line":129,"column":null}},"35":{"start":{"line":131,"column":2},"end":{"line":131,"column":null}},"36":{"start":{"line":143,"column":16},"end":{"line":143,"column":null}},"37":{"start":{"line":146,"column":2},"end":{"line":146,"column":null}},"38":{"start":{"line":147,"column":2},"end":{"line":147,"column":null}},"39":{"start":{"line":148,"column":2},"end":{"line":148,"column":null}},"40":{"start":{"line":149,"column":2},"end":{"line":149,"column":null}},"41":{"start":{"line":152,"column":2},"end":{"line":152,"column":null}},"42":{"start":{"line":153,"column":2},"end":{"line":153,"column":null}},"43":{"start":{"line":154,"column":2},"end":{"line":154,"column":null}},"44":{"start":{"line":155,"column":2},"end":{"line":155,"column":null}},"45":{"start":{"line":157,"column":16},"end":{"line":157,"column":null}},"46":{"start":{"line":158,"column":2},"end":{"line":158,"column":null}},"47":{"start":{"line":159,"column":2},"end":{"line":159,"column":null}},"48":{"start":{"line":160,"column":2},"end":{"line":160,"column":null}},"49":{"start":{"line":162,"column":10},"end":{"line":162,"column":null}},"50":{"start":{"line":163,"column":2},"end":{"line":173,"column":null}},"51":{"start":{"line":164,"column":4},"end":{"line":164,"column":null}},"52":{"start":{"line":165,"column":4},"end":{"line":165,"column":null}},"53":{"start":{"line":166,"column":4},"end":{"line":166,"column":null}},"54":{"start":{"line":167,"column":4},"end":{"line":167,"column":null}},"55":{"start":{"line":169,"column":4},"end":{"line":169,"column":null}},"56":{"start":{"line":170,"column":4},"end":{"line":170,"column":null}},"57":{"start":{"line":171,"column":4},"end":{"line":171,"column":null}},"58":{"start":{"line":172,"column":4},"end":{"line":172,"column":null}},"59":{"start":{"line":175,"column":2},"end":{"line":175,"column":null}},"60":{"start":{"line":183,"column":2},"end":{"line":183,"column":null}},"61":{"start":{"line":184,"column":2},"end":{"line":184,"column":null}},"62":{"start":{"line":185,"column":2},"end":{"line":185,"column":null}},"63":{"start":{"line":186,"column":2},"end":{"line":186,"column":null}},"64":{"start":{"line":188,"column":2},"end":{"line":188,"column":null}},"65":{"start":{"line":189,"column":2},"end":{"line":189,"column":null}},"66":{"start":{"line":190,"column":2},"end":{"line":190,"column":null}},"67":{"start":{"line":192,"column":2},"end":{"line":192,"column":null}},"68":{"start":{"line":199,"column":21},"end":{"line":199,"column":null}},"69":{"start":{"line":200,"column":2},"end":{"line":214,"column":null}},"70":{"start":{"line":200,"column":15},"end":{"line":200,"column":18}},"71":{"start":{"line":201,"column":4},"end":{"line":201,"column":null}},"72":{"start":{"line":202,"column":4},"end":{"line":202,"column":null}},"73":{"start":{"line":203,"column":4},"end":{"line":203,"column":null}},"74":{"start":{"line":204,"column":4},"end":{"line":204,"column":null}},"75":{"start":{"line":205,"column":4},"end":{"line":209,"column":null}},"76":{"start":{"line":210,"column":4},"end":{"line":210,"column":null}},"77":{"start":{"line":211,"column":4},"end":{"line":211,"column":null}},"78":{"start":{"line":212,"column":4},"end":{"line":212,"column":null}},"79":{"start":{"line":213,"column":4},"end":{"line":213,"column":null}},"80":{"start":{"line":245,"column":6},"end":{"line":245,"column":null}},"81":{"start":{"line":247,"column":15},"end":{"line":247,"column":null}},"82":{"start":{"line":248,"column":10},"end":{"line":248,"column":null}},"83":{"start":{"line":250,"column":2},"end":{"line":280,"column":null}},"84":{"start":{"line":251,"column":17},"end":{"line":251,"column":null}},"85":{"start":{"line":252,"column":44},"end":{"line":252,"column":null}},"86":{"start":{"line":255,"column":4},"end":{"line":255,"column":null}},"87":{"start":{"line":256,"column":4},"end":{"line":256,"column":null}},"88":{"start":{"line":257,"column":4},"end":{"line":257,"column":null}},"89":{"start":{"line":259,"column":21},"end":{"line":259,"column":null}},"90":{"start":{"line":260,"column":16},"end":{"line":260,"column":null}},"91":{"start":{"line":261,"column":4},"end":{"line":261,"column":null}},"92":{"start":{"line":264,"column":4},"end":{"line":264,"column":null}},"93":{"start":{"line":265,"column":4},"end":{"line":265,"column":null}},"94":{"start":{"line":268,"column":4},"end":{"line":271,"column":null}},"95":{"start":{"line":269,"column":6},"end":{"line":269,"column":null}},"96":{"start":{"line":270,"column":6},"end":{"line":270,"column":null}},"97":{"start":{"line":274,"column":4},"end":{"line":274,"column":null}},"98":{"start":{"line":275,"column":4},"end":{"line":275,"column":null}},"99":{"start":{"line":276,"column":4},"end":{"line":276,"column":null}},"100":{"start":{"line":277,"column":4},"end":{"line":277,"column":null}},"101":{"start":{"line":279,"column":4},"end":{"line":279,"column":null}},"102":{"start":{"line":282,"column":2},"end":{"line":282,"column":null}}},"fnMap":{"0":{"name":"formatBirthday","decl":{"start":{"line":48,"column":16},"end":{"line":48,"column":31}},"loc":{"start":{"line":48,"column":71},"end":{"line":53,"column":null}},"line":48},"1":{"name":"buildClientCardFields","decl":{"start":{"line":56,"column":16},"end":{"line":56,"column":38}},"loc":{"start":{"line":56,"column":92},"end":{"line":67,"column":null}},"line":56},"2":{"name":"drawPremiumHeader","decl":{"start":{"line":87,"column":16},"end":{"line":87,"column":null}},"loc":{"start":{"line":92,"column":10},"end":{"line":132,"column":null}},"line":92},"3":{"name":"drawClientCard","decl":{"start":{"line":138,"column":16},"end":{"line":138,"column":null}},"loc":{"start":{"line":142,"column":10},"end":{"line":176,"column":null}},"line":142},"4":{"name":"drawSectionHeading","decl":{"start":{"line":182,"column":16},"end":{"line":182,"column":35}},"loc":{"start":{"line":182,"column":81},"end":{"line":193,"column":null}},"line":182},"5":{"name":"drawFooter","decl":{"start":{"line":198,"column":16},"end":{"line":198,"column":27}},"loc":{"start":{"line":198,"column":45},"end":{"line":215,"column":null}},"line":198},"6":{"name":"drawHorizontalBarChart","decl":{"start":{"line":226,"column":16},"end":{"line":226,"column":null}},"loc":{"start":{"line":238,"column":10},"end":{"line":283,"column":null}},"line":238}},"branchMap":{"0":{"loc":{"start":{"line":49,"column":2},"end":{"line":49,"column":null}},"type":"if","locations":[{"start":{"line":49,"column":2},"end":{"line":49,"column":null}},{"start":{},"end":{}}],"line":49},"1":{"loc":{"start":{"line":51,"column":2},"end":{"line":51,"column":null}},"type":"if","locations":[{"start":{"line":51,"column":2},"end":{"line":51,"column":null}},{"start":{},"end":{}}],"line":51},"2":{"loc":{"start":{"line":51,"column":6},"end":{"line":51,"column":28}},"type":"binary-expr","locations":[{"start":{"line":51,"column":6},"end":{"line":51,"column":14}},{"start":{"line":51,"column":14},"end":{"line":51,"column":23}},{"start":{"line":51,"column":23},"end":{"line":51,"column":28}}],"line":51},"3":{"loc":{"start":{"line":58,"column":33},"end":{"line":58,"column":59}},"type":"binary-expr","locations":[{"start":{"line":58,"column":33},"end":{"line":58,"column":43}},{"start":{"line":58,"column":43},"end":{"line":58,"column":59}}],"line":58},"4":{"loc":{"start":{"line":59,"column":39},"end":{"line":59,"column":76}},"type":"binary-expr","locations":[{"start":{"line":59,"column":39},"end":{"line":59,"column":60}},{"start":{"line":59,"column":60},"end":{"line":59,"column":76}}],"line":59},"5":{"loc":{"start":{"line":60,"column":40},"end":{"line":60,"column":78}},"type":"binary-expr","locations":[{"start":{"line":60,"column":40},"end":{"line":60,"column":62}},{"start":{"line":60,"column":62},"end":{"line":60,"column":78}}],"line":60},"6":{"loc":{"start":{"line":61,"column":31},"end":{"line":61,"column":59}},"type":"binary-expr","locations":[{"start":{"line":61,"column":31},"end":{"line":61,"column":43}},{"start":{"line":61,"column":43},"end":{"line":61,"column":59}}],"line":61},"7":{"loc":{"start":{"line":62,"column":29},"end":{"line":62,"column":56}},"type":"binary-expr","locations":[{"start":{"line":62,"column":29},"end":{"line":62,"column":40}},{"start":{"line":62,"column":40},"end":{"line":62,"column":56}}],"line":62},"8":{"loc":{"start":{"line":64,"column":34},"end":{"line":64,"column":66}},"type":"binary-expr","locations":[{"start":{"line":64,"column":34},"end":{"line":64,"column":50}},{"start":{"line":64,"column":50},"end":{"line":64,"column":66}}],"line":64},"9":{"loc":{"start":{"line":65,"column":30},"end":{"line":65,"column":58}},"type":"binary-expr","locations":[{"start":{"line":65,"column":30},"end":{"line":65,"column":42}},{"start":{"line":65,"column":42},"end":{"line":65,"column":58}}],"line":65},"10":{"loc":{"start":{"line":171,"column":13},"end":{"line":171,"column":27}},"type":"binary-expr","locations":[{"start":{"line":171,"column":13},"end":{"line":171,"column":22}},{"start":{"line":171,"column":22},"end":{"line":171,"column":27}}],"line":171},"11":{"loc":{"start":{"line":231,"column":2},"end":{"line":237,"column":null}},"type":"default-arg","locations":[{"start":{"line":237,"column":6},"end":{"line":237,"column":null}}],"line":231},"12":{"loc":{"start":{"line":240,"column":4},"end":{"line":240,"column":null}},"type":"default-arg","locations":[{"start":{"line":240,"column":17},"end":{"line":240,"column":null}}],"line":240},"13":{"loc":{"start":{"line":241,"column":4},"end":{"line":241,"column":null}},"type":"default-arg","locations":[{"start":{"line":241,"column":18},"end":{"line":241,"column":null}}],"line":241},"14":{"loc":{"start":{"line":242,"column":4},"end":{"line":242,"column":null}},"type":"default-arg","locations":[{"start":{"line":242,"column":11},"end":{"line":242,"column":null}}],"line":242},"15":{"loc":{"start":{"line":243,"column":4},"end":{"line":243,"column":null}},"type":"default-arg","locations":[{"start":{"line":243,"column":13},"end":{"line":243,"column":null}}],"line":243},"16":{"loc":{"start":{"line":244,"column":4},"end":{"line":244,"column":null}},"type":"default-arg","locations":[{"start":{"line":244,"column":19},"end":{"line":244,"column":null}}],"line":244},"17":{"loc":{"start":{"line":251,"column":17},"end":{"line":251,"column":null}},"type":"cond-expr","locations":[{"start":{"line":251,"column":33},"end":{"line":251,"column":72}},{"start":{"line":251,"column":72},"end":{"line":251,"column":null}}],"line":251},"18":{"loc":{"start":{"line":252,"column":44},"end":{"line":252,"column":null}},"type":"binary-expr","locations":[{"start":{"line":252,"column":44},"end":{"line":252,"column":58}},{"start":{"line":252,"column":58},"end":{"line":252,"column":null}}],"line":252},"19":{"loc":{"start":{"line":260,"column":16},"end":{"line":260,"column":null}},"type":"cond-expr","locations":[{"start":{"line":260,"column":47},"end":{"line":260,"column":89}},{"start":{"line":260,"column":89},"end":{"line":260,"column":null}}],"line":260},"20":{"loc":{"start":{"line":268,"column":4},"end":{"line":271,"column":null}},"type":"if","locations":[{"start":{"line":268,"column":4},"end":{"line":271,"column":null}},{"start":{},"end":{}}],"line":268},"21":{"loc":{"start":{"line":277,"column":13},"end":{"line":277,"column":51}},"type":"binary-expr","locations":[{"start":{"line":277,"column":13},"end":{"line":277,"column":31}},{"start":{"line":277,"column":31},"end":{"line":277,"column":51}}],"line":277}},"s":{"0":4,"1":4,"2":4,"3":3,"4":1,"5":1,"6":1,"7":0,"8":4,"9":4,"10":4,"11":4,"12":4,"13":5,"14":5,"15":5,"16":5,"17":5,"18":5,"19":5,"20":5,"21":5,"22":5,"23":5,"24":5,"25":5,"26":5,"27":5,"28":5,"29":5,"30":5,"31":5,"32":5,"33":5,"34":5,"35":5,"36":4,"37":4,"38":4,"39":4,"40":4,"41":4,"42":4,"43":4,"44":4,"45":4,"46":4,"47":4,"48":4,"49":4,"50":4,"51":32,"52":32,"53":32,"54":32,"55":32,"56":32,"57":32,"58":32,"59":4,"60":12,"61":12,"62":12,"63":12,"64":12,"65":12,"66":12,"67":12,"68":4,"69":4,"70":4,"71":4,"72":4,"73":4,"74":4,"75":4,"76":4,"77":4,"78":4,"79":4,"80":3,"81":3,"82":3,"83":3,"84":28,"85":28,"86":28,"87":28,"88":28,"89":28,"90":28,"91":28,"92":28,"93":28,"94":28,"95":0,"96":0,"97":28,"98":28,"99":28,"100":28,"101":28,"102":3},"f":{"0":4,"1":4,"2":5,"3":4,"4":12,"5":4,"6":3},"b":{"0":[3,1],"1":[1,0],"2":[1,1,1],"3":[4,3],"4":[4,4],"5":[4,4],"6":[4,4],"7":[4,4],"8":[4,4],"9":[4,3],"10":[32,0],"11":[3],"12":[3],"13":[3],"14":[3],"15":[3],"16":[3],"17":[28,0],"18":[28,0],"19":[3,25],"20":[0,28],"21":[28,0]},"meta":{"lastBranch":22,"lastFunction":7,"lastStatement":103,"seen":{"s:5:26:14:Infinity":0,"s:17:57:33:Infinity":1,"f:48:16:48:31":0,"b:49:2:49:Infinity:undefined:undefined:undefined:undefined":0,"s:49:2:49:Infinity":2,"s:49:12:49:Infinity":3,"s:50:29:50:Infinity":4,"b:51:2:51:Infinity:undefined:undefined:undefined:undefined":1,"s:51:2:51:Infinity":5,"b:51:6:51:14:51:14:51:23:51:23:51:28":2,"s:51:28:51:Infinity":6,"s:52:2:52:Infinity":7,"f:56:16:56:38":1,"s:57:2:66:Infinity":8,"b:58:33:58:43:58:43:58:59":3,"b:59:39:59:60:59:60:59:76":4,"b:60:40:60:62:60:62:60:78":5,"b:61:31:61:43:61:43:61:59":6,"b:62:29:62:40:62:40:62:56":7,"b:64:34:64:50:64:50:64:66":8,"b:65:30:65:42:65:42:65:58":9,"s:70:15:70:Infinity":9,"s:71:15:71:Infinity":10,"s:72:15:72:Infinity":11,"s:75:29:75:Infinity":12,"f:87:16:87:Infinity":2,"s:93:19:93:Infinity":13,"s:96:2:96:Infinity":14,"s:97:2:97:Infinity":15,"s:100:16:100:Infinity":16,"s:101:16:101:Infinity":17,"s:102:2:106:Infinity":18,"s:103:4:103:Infinity":19,"s:109:16:109:Infinity":20,"s:110:2:110:Infinity":21,"s:111:2:111:Infinity":22,"s:112:2:112:Infinity":23,"s:113:2:113:Infinity":24,"s:116:2:116:Infinity":25,"s:117:2:117:Infinity":26,"s:118:2:118:Infinity":27,"s:119:2:119:Infinity":28,"s:122:2:122:Infinity":29,"s:123:2:123:Infinity":30,"s:124:2:124:Infinity":31,"s:127:2:127:Infinity":32,"s:128:2:128:Infinity":33,"s:129:2:129:Infinity":34,"s:131:2:131:Infinity":35,"f:138:16:138:Infinity":3,"s:143:16:143:Infinity":36,"s:146:2:146:Infinity":37,"s:147:2:147:Infinity":38,"s:148:2:148:Infinity":39,"s:149:2:149:Infinity":40,"s:152:2:152:Infinity":41,"s:153:2:153:Infinity":42,"s:154:2:154:Infinity":43,"s:155:2:155:Infinity":44,"s:157:16:157:Infinity":45,"s:158:2:158:Infinity":46,"s:159:2:159:Infinity":47,"s:160:2:160:Infinity":48,"s:162:10:162:Infinity":49,"s:163:2:173:Infinity":50,"s:164:4:164:Infinity":51,"s:165:4:165:Infinity":52,"s:166:4:166:Infinity":53,"s:167:4:167:Infinity":54,"s:169:4:169:Infinity":55,"s:170:4:170:Infinity":56,"s:171:4:171:Infinity":57,"b:171:13:171:22:171:22:171:27":10,"s:172:4:172:Infinity":58,"s:175:2:175:Infinity":59,"f:182:16:182:35":4,"s:183:2:183:Infinity":60,"s:184:2:184:Infinity":61,"s:185:2:185:Infinity":62,"s:186:2:186:Infinity":63,"s:188:2:188:Infinity":64,"s:189:2:189:Infinity":65,"s:190:2:190:Infinity":66,"s:192:2:192:Infinity":67,"f:198:16:198:27":5,"s:199:21:199:Infinity":68,"s:200:2:214:Infinity":69,"s:200:15:200:18":70,"s:201:4:201:Infinity":71,"s:202:4:202:Infinity":72,"s:203:4:203:Infinity":73,"s:204:4:204:Infinity":74,"s:205:4:209:Infinity":75,"s:210:4:210:Infinity":76,"s:211:4:211:Infinity":77,"s:212:4:212:Infinity":78,"s:213:4:213:Infinity":79,"f:226:16:226:Infinity":6,"b:237:6:237:Infinity":11,"s:245:6:245:Infinity":80,"b:240:17:240:Infinity":12,"b:241:18:241:Infinity":13,"b:242:11:242:Infinity":14,"b:243:13:243:Infinity":15,"b:244:19:244:Infinity":16,"s:247:15:247:Infinity":81,"s:248:10:248:Infinity":82,"s:250:2:280:Infinity":83,"s:251:17:251:Infinity":84,"b:251:33:251:72:251:72:251:Infinity":17,"s:252:44:252:Infinity":85,"b:252:44:252:58:252:58:252:Infinity":18,"s:255:4:255:Infinity":86,"s:256:4:256:Infinity":87,"s:257:4:257:Infinity":88,"s:259:21:259:Infinity":89,"s:260:16:260:Infinity":90,"b:260:47:260:89:260:89:260:Infinity":19,"s:261:4:261:Infinity":91,"s:264:4:264:Infinity":92,"s:265:4:265:Infinity":93,"b:268:4:271:Infinity:undefined:undefined:undefined:undefined":20,"s:268:4:271:Infinity":94,"s:269:6:269:Infinity":95,"s:270:6:270:Infinity":96,"s:274:4:274:Infinity":97,"s:275:4:275:Infinity":98,"s:276:4:276:Infinity":99,"s:277:4:277:Infinity":100,"b:277:13:277:31:277:31:277:51":21,"s:279:4:279:Infinity":101,"s:282:2:282:Infinity":102}}}
}
